{"/home/quangman/EBAY/ebay-manager-enhance-order-page/frontend/src/App.tsx": {"path":"/home/quangman/EBAY/ebay-manager-enhance-order-page/frontend/src/App.tsx","statementMap":{"0":{"start":{"line":15,"column":14},"end":{"line":24,"column":2}},"1":{"start":{"line":27,"column":62},"end":{"line":44,"column":1}},"2":{"start":{"line":28,"column":28},"end":{"line":28,"column":37}},"3":{"start":{"line":30,"column":2},"end":{"line":41,"column":3}},"4":{"start":{"line":31,"column":4},"end":{"line":40,"column":6}},"5":{"start":{"line":43,"column":2},"end":{"line":43,"column":67}},"6":{"start":{"line":46,"column":29},"end":{"line":69,"column":1}},"7":{"start":{"line":47,"column":19},"end":{"line":47,"column":28}},"8":{"start":{"line":49,"column":2},"end":{"line":56,"column":3}},"9":{"start":{"line":50,"column":4},"end":{"line":55,"column":6}},"10":{"start":{"line":58,"column":2},"end":{"line":68,"column":4}},"11":{"start":{"line":71,"column":22},"end":{"line":87,"column":1}},"12":{"start":{"line":72,"column":2},"end":{"line":86,"column":4}}},"fnMap":{"0":{"name":"(anonymous_0)","decl":{"start":{"line":27,"column":62},"end":{"line":27,"column":63}},"loc":{"start":{"line":27,"column":80},"end":{"line":44,"column":1}},"line":27},"1":{"name":"(anonymous_1)","decl":{"start":{"line":46,"column":29},"end":{"line":46,"column":30}},"loc":{"start":{"line":46,"column":35},"end":{"line":69,"column":1}},"line":46},"2":{"name":"(anonymous_2)","decl":{"start":{"line":71,"column":22},"end":{"line":71,"column":23}},"loc":{"start":{"line":71,"column":28},"end":{"line":87,"column":1}},"line":71}},"branchMap":{"0":{"loc":{"start":{"line":30,"column":2},"end":{"line":41,"column":3}},"type":"if","locations":[{"start":{"line":30,"column":2},"end":{"line":41,"column":3}},{"start":{},"end":{}}],"line":30},"1":{"loc":{"start":{"line":43,"column":9},"end":{"line":43,"column":66}},"type":"cond-expr","locations":[{"start":{"line":43,"column":16},"end":{"line":43,"column":31}},{"start":{"line":43,"column":34},"end":{"line":43,"column":66}}],"line":43},"2":{"loc":{"start":{"line":49,"column":2},"end":{"line":56,"column":3}},"type":"if","locations":[{"start":{"line":49,"column":2},"end":{"line":56,"column":3}},{"start":{},"end":{}}],"line":49}},"s":{"0":0,"1":0,"2":0,"3":0,"4":0,"5":0,"6":0,"7":0,"8":0,"9":0,"10":0,"11":0,"12":0},"f":{"0":0,"1":0,"2":0},"b":{"0":[0,0],"1":[0,0],"2":[0,0]}}
,"/home/quangman/EBAY/ebay-manager-enhance-order-page/frontend/src/index.tsx": {"path":"/home/quangman/EBAY/ebay-manager-enhance-order-page/frontend/src/index.tsx","statementMap":{"0":{"start":{"line":7,"column":13},"end":{"line":9,"column":1}},"1":{"start":{"line":11,"column":0},"end":{"line":17,"column":2}}},"fnMap":{},"branchMap":{},"s":{"0":0,"1":0},"f":{},"b":{}}
,"/home/quangman/EBAY/ebay-manager-enhance-order-page/frontend/src/components/Layout/Header.tsx": {"path":"/home/quangman/EBAY/ebay-manager-enhance-order-page/frontend/src/components/Layout/Header.tsx","statementMap":{"0":{"start":{"line":13,"column":25},"end":{"line":49,"column":1}},"1":{"start":{"line":14,"column":27},"end":{"line":14,"column":36}},"2":{"start":{"line":16,"column":2},"end":{"line":48,"column":4}}},"fnMap":{"0":{"name":"(anonymous_0)","decl":{"start":{"line":13,"column":25},"end":{"line":13,"column":26}},"loc":{"start":{"line":13,"column":31},"end":{"line":49,"column":1}},"line":13}},"branchMap":{"0":{"loc":{"start":{"line":23,"column":9},"end":{"line":45,"column":9}},"type":"binary-expr","locations":[{"start":{"line":23,"column":9},"end":{"line":23,"column":13}},{"start":{"line":24,"column":10},"end":{"line":44,"column":16}}],"line":23},"1":{"loc":{"start":{"line":33,"column":23},"end":{"line":33,"column":70}},"type":"cond-expr","locations":[{"start":{"line":33,"column":47},"end":{"line":33,"column":58}},{"start":{"line":33,"column":61},"end":{"line":33,"column":70}}],"line":33}},"s":{"0":0,"1":0,"2":0},"f":{"0":0},"b":{"0":[0,0],"1":[0,0]}}
,"/home/quangman/EBAY/ebay-manager-enhance-order-page/frontend/src/components/Layout/HeaderWithSearch.tsx": {"path":"/home/quangman/EBAY/ebay-manager-enhance-order-page/frontend/src/components/Layout/HeaderWithSearch.tsx","statementMap":{"0":{"start":{"line":48,"column":58},"end":{"line":373,"column":1}},"1":{"start":{"line":49,"column":16},"end":{"line":49,"column":26}},"2":{"start":{"line":50,"column":19},"end":{"line":50,"column":32}},"3":{"start":{"line":51,"column":27},"end":{"line":51,"column":36}},"4":{"start":{"line":52,"column":34},"end":{"line":52,"column":68}},"5":{"start":{"line":53,"column":40},"end":{"line":53,"column":52}},"6":{"start":{"line":54,"column":44},"end":{"line":54,"column":72}},"7":{"start":{"line":55,"column":40},"end":{"line":55,"column":55}},"8":{"start":{"line":56,"column":40},"end":{"line":56,"column":55}},"9":{"start":{"line":58,"column":32},"end":{"line":60,"column":3}},"10":{"start":{"line":59,"column":4},"end":{"line":59,"column":37}},"11":{"start":{"line":62,"column":26},"end":{"line":64,"column":3}},"12":{"start":{"line":63,"column":4},"end":{"line":63,"column":22}},"13":{"start":{"line":66,"column":23},"end":{"line":70,"column":3}},"14":{"start":{"line":67,"column":4},"end":{"line":67,"column":22}},"15":{"start":{"line":68,"column":4},"end":{"line":68,"column":13}},"16":{"start":{"line":69,"column":4},"end":{"line":69,"column":23}},"17":{"start":{"line":72,"column":24},"end":{"line":90,"column":8}},"18":{"start":{"line":73,"column":4},"end":{"line":77,"column":5}},"19":{"start":{"line":74,"column":6},"end":{"line":74,"column":27}},"20":{"start":{"line":75,"column":6},"end":{"line":75,"column":28}},"21":{"start":{"line":76,"column":6},"end":{"line":76,"column":13}},"22":{"start":{"line":79,"column":4},"end":{"line":79,"column":25}},"23":{"start":{"line":80,"column":4},"end":{"line":89,"column":5}},"24":{"start":{"line":81,"column":22},"end":{"line":81,"column":57}},"25":{"start":{"line":82,"column":6},"end":{"line":82,"column":32}},"26":{"start":{"line":83,"column":6},"end":{"line":83,"column":27}},"27":{"start":{"line":85,"column":6},"end":{"line":85,"column":45}},"28":{"start":{"line":86,"column":6},"end":{"line":86,"column":27}},"29":{"start":{"line":88,"column":6},"end":{"line":88,"column":28}},"30":{"start":{"line":92,"column":29},"end":{"line":102,"column":3}},"31":{"start":{"line":93,"column":18},"end":{"line":93,"column":36}},"32":{"start":{"line":94,"column":4},"end":{"line":94,"column":26}},"33":{"start":{"line":97,"column":22},"end":{"line":99,"column":11}},"34":{"start":{"line":98,"column":6},"end":{"line":98,"column":27}},"35":{"start":{"line":101,"column":4},"end":{"line":101,"column":41}},"36":{"start":{"line":101,"column":17},"end":{"line":101,"column":40}},"37":{"start":{"line":104,"column":28},"end":{"line":119,"column":3}},"38":{"start":{"line":105,"column":4},"end":{"line":105,"column":26}},"39":{"start":{"line":106,"column":4},"end":{"line":106,"column":23}},"40":{"start":{"line":108,"column":4},"end":{"line":118,"column":5}},"41":{"start":{"line":110,"column":8},"end":{"line":110,"column":48}},"42":{"start":{"line":111,"column":8},"end":{"line":111,"column":14}},"43":{"start":{"line":113,"column":8},"end":{"line":113,"column":50}},"44":{"start":{"line":114,"column":8},"end":{"line":114,"column":14}},"45":{"start":{"line":116,"column":8},"end":{"line":116,"column":50}},"46":{"start":{"line":117,"column":8},"end":{"line":117,"column":14}},"47":{"start":{"line":121,"column":24},"end":{"line":132,"column":3}},"48":{"start":{"line":122,"column":4},"end":{"line":131,"column":5}},"49":{"start":{"line":124,"column":8},"end":{"line":124,"column":44}},"50":{"start":{"line":126,"column":8},"end":{"line":126,"column":46}},"51":{"start":{"line":128,"column":8},"end":{"line":128,"column":49}},"52":{"start":{"line":130,"column":8},"end":{"line":130,"column":20}},"53":{"start":{"line":134,"column":25},"end":{"line":153,"column":3}},"54":{"start":{"line":135,"column":4},"end":{"line":135,"column":34}},"55":{"start":{"line":135,"column":17},"end":{"line":135,"column":34}},"56":{"start":{"line":136,"column":4},"end":{"line":152,"column":5}},"57":{"start":{"line":140,"column":8},"end":{"line":140,"column":25}},"58":{"start":{"line":143,"column":8},"end":{"line":143,"column":22}},"59":{"start":{"line":145,"column":8},"end":{"line":145,"column":25}},"60":{"start":{"line":149,"column":8},"end":{"line":149,"column":23}},"61":{"start":{"line":151,"column":8},"end":{"line":151,"column":25}},"62":{"start":{"line":155,"column":2},"end":{"line":372,"column":4}},"63":{"start":{"line":234,"column":18},"end":{"line":234,"column":37}},"64":{"start":{"line":235,"column":18},"end":{"line":235,"column":39}},"65":{"start":{"line":236,"column":18},"end":{"line":236,"column":40}},"66":{"start":{"line":270,"column":20},"end":{"line":304,"column":37}},"67":{"start":{"line":274,"column":39},"end":{"line":274,"column":64}}},"fnMap":{"0":{"name":"(anonymous_0)","decl":{"start":{"line":48,"column":58},"end":{"line":48,"column":59}},"loc":{"start":{"line":48,"column":79},"end":{"line":373,"column":1}},"line":48},"1":{"name":"(anonymous_1)","decl":{"start":{"line":58,"column":32},"end":{"line":58,"column":33}},"loc":{"start":{"line":58,"column":74},"end":{"line":60,"column":3}},"line":58},"2":{"name":"(anonymous_2)","decl":{"start":{"line":62,"column":26},"end":{"line":62,"column":27}},"loc":{"start":{"line":62,"column":32},"end":{"line":64,"column":3}},"line":62},"3":{"name":"(anonymous_3)","decl":{"start":{"line":66,"column":23},"end":{"line":66,"column":24}},"loc":{"start":{"line":66,"column":29},"end":{"line":70,"column":3}},"line":66},"4":{"name":"(anonymous_4)","decl":{"start":{"line":72,"column":36},"end":{"line":72,"column":37}},"loc":{"start":{"line":72,"column":61},"end":{"line":90,"column":3}},"line":72},"5":{"name":"(anonymous_5)","decl":{"start":{"line":92,"column":29},"end":{"line":92,"column":30}},"loc":{"start":{"line":92,"column":77},"end":{"line":102,"column":3}},"line":92},"6":{"name":"(anonymous_6)","decl":{"start":{"line":97,"column":33},"end":{"line":97,"column":34}},"loc":{"start":{"line":97,"column":39},"end":{"line":99,"column":5}},"line":97},"7":{"name":"(anonymous_7)","decl":{"start":{"line":101,"column":11},"end":{"line":101,"column":12}},"loc":{"start":{"line":101,"column":17},"end":{"line":101,"column":40}},"line":101},"8":{"name":"(anonymous_8)","decl":{"start":{"line":104,"column":28},"end":{"line":104,"column":29}},"loc":{"start":{"line":104,"column":54},"end":{"line":119,"column":3}},"line":104},"9":{"name":"(anonymous_9)","decl":{"start":{"line":121,"column":24},"end":{"line":121,"column":25}},"loc":{"start":{"line":121,"column":42},"end":{"line":132,"column":3}},"line":121},"10":{"name":"(anonymous_10)","decl":{"start":{"line":134,"column":25},"end":{"line":134,"column":26}},"loc":{"start":{"line":134,"column":46},"end":{"line":153,"column":3}},"line":134},"11":{"name":"(anonymous_11)","decl":{"start":{"line":233,"column":25},"end":{"line":233,"column":26}},"loc":{"start":{"line":233,"column":31},"end":{"line":237,"column":17}},"line":233},"12":{"name":"(anonymous_12)","decl":{"start":{"line":269,"column":37},"end":{"line":269,"column":38}},"loc":{"start":{"line":270,"column":20},"end":{"line":304,"column":37}},"line":270},"13":{"name":"(anonymous_13)","decl":{"start":{"line":274,"column":33},"end":{"line":274,"column":34}},"loc":{"start":{"line":274,"column":39},"end":{"line":274,"column":64}},"line":274}},"branchMap":{"0":{"loc":{"start":{"line":73,"column":4},"end":{"line":77,"column":5}},"type":"if","locations":[{"start":{"line":73,"column":4},"end":{"line":77,"column":5}},{"start":{},"end":{}}],"line":73},"1":{"loc":{"start":{"line":108,"column":4},"end":{"line":118,"column":5}},"type":"switch","locations":[{"start":{"line":109,"column":6},"end":{"line":111,"column":14}},{"start":{"line":112,"column":6},"end":{"line":114,"column":14}},{"start":{"line":115,"column":6},"end":{"line":117,"column":14}}],"line":108},"2":{"loc":{"start":{"line":122,"column":4},"end":{"line":131,"column":5}},"type":"switch","locations":[{"start":{"line":123,"column":6},"end":{"line":124,"column":44}},{"start":{"line":125,"column":6},"end":{"line":126,"column":46}},{"start":{"line":127,"column":6},"end":{"line":128,"column":49}},{"start":{"line":129,"column":6},"end":{"line":130,"column":20}}],"line":122},"3":{"loc":{"start":{"line":135,"column":4},"end":{"line":135,"column":34}},"type":"if","locations":[{"start":{"line":135,"column":4},"end":{"line":135,"column":34}},{"start":{},"end":{}}],"line":135},"4":{"loc":{"start":{"line":136,"column":4},"end":{"line":152,"column":5}},"type":"switch","locations":[{"start":{"line":137,"column":6},"end":{"line":137,"column":23}},{"start":{"line":138,"column":6},"end":{"line":138,"column":23}},{"start":{"line":139,"column":6},"end":{"line":140,"column":25}},{"start":{"line":141,"column":6},"end":{"line":141,"column":24}},{"start":{"line":142,"column":6},"end":{"line":143,"column":22}},{"start":{"line":144,"column":6},"end":{"line":145,"column":25}},{"start":{"line":146,"column":6},"end":{"line":146,"column":23}},{"start":{"line":147,"column":6},"end":{"line":147,"column":22}},{"start":{"line":148,"column":6},"end":{"line":149,"column":23}},{"start":{"line":150,"column":6},"end":{"line":151,"column":25}}],"line":136},"5":{"loc":{"start":{"line":213,"column":32},"end":{"line":213,"column":112}},"type":"cond-expr","locations":[{"start":{"line":213,"column":46},"end":{"line":213,"column":84}},{"start":{"line":213,"column":87},"end":{"line":213,"column":112}}],"line":213},"6":{"loc":{"start":{"line":224,"column":13},"end":{"line":241,"column":13}},"type":"binary-expr","locations":[{"start":{"line":224,"column":13},"end":{"line":224,"column":24}},{"start":{"line":225,"column":14},"end":{"line":240,"column":27}}],"line":224},"7":{"loc":{"start":{"line":245,"column":11},"end":{"line":315,"column":11}},"type":"binary-expr","locations":[{"start":{"line":245,"column":11},"end":{"line":245,"column":22}},{"start":{"line":246,"column":12},"end":{"line":314,"column":20}}],"line":245},"8":{"loc":{"start":{"line":261,"column":15},"end":{"line":313,"column":15}},"type":"cond-expr","locations":[{"start":{"line":262,"column":16},"end":{"line":266,"column":22}},{"start":{"line":267,"column":18},"end":{"line":313,"column":15}}],"line":261},"9":{"loc":{"start":{"line":267,"column":18},"end":{"line":313,"column":15}},"type":"cond-expr","locations":[{"start":{"line":268,"column":16},"end":{"line":306,"column":23}},{"start":{"line":308,"column":16},"end":{"line":312,"column":22}}],"line":267},"10":{"loc":{"start":{"line":271,"column":23},"end":{"line":271,"column":47}},"type":"binary-expr","locations":[{"start":{"line":271,"column":23},"end":{"line":271,"column":32}},{"start":{"line":271,"column":36},"end":{"line":271,"column":47}}],"line":271},"11":{"loc":{"start":{"line":295,"column":27},"end":{"line":301,"column":27}},"type":"binary-expr","locations":[{"start":{"line":295,"column":27},"end":{"line":295,"column":40}},{"start":{"line":296,"column":28},"end":{"line":300,"column":30}}],"line":295}},"s":{"0":0,"1":0,"2":0,"3":0,"4":0,"5":0,"6":0,"7":0,"8":0,"9":0,"10":0,"11":0,"12":0,"13":0,"14":0,"15":0,"16":0,"17":0,"18":0,"19":0,"20":0,"21":0,"22":0,"23":0,"24":0,"25":0,"26":0,"27":0,"28":0,"29":0,"30":0,"31":0,"32":0,"33":0,"34":0,"35":0,"36":0,"37":0,"38":0,"39":0,"40":0,"41":0,"42":0,"43":0,"44":0,"45":0,"46":0,"47":0,"48":0,"49":0,"50":0,"51":0,"52":0,"53":0,"54":0,"55":0,"56":0,"57":0,"58":0,"59":0,"60":0,"61":0,"62":0,"63":0,"64":0,"65":0,"66":0,"67":0},"f":{"0":0,"1":0,"2":0,"3":0,"4":0,"5":0,"6":0,"7":0,"8":0,"9":0,"10":0,"11":0,"12":0,"13":0},"b":{"0":[0,0],"1":[0,0,0],"2":[0,0,0,0],"3":[0,0],"4":[0,0,0,0,0,0,0,0,0,0],"5":[0,0],"6":[0,0],"7":[0,0],"8":[0,0],"9":[0,0],"10":[0,0],"11":[0,0]}}
,"/home/quangman/EBAY/ebay-manager-enhance-order-page/frontend/src/components/Layout/Layout.tsx": {"path":"/home/quangman/EBAY/ebay-manager-enhance-order-page/frontend/src/components/Layout/Layout.tsx","statementMap":{"0":{"start":{"line":10,"column":20},"end":{"line":10,"column":23}},"1":{"start":{"line":12,"column":38},"end":{"line":63,"column":1}},"2":{"start":{"line":13,"column":38},"end":{"line":13,"column":53}},"3":{"start":{"line":14,"column":16},"end":{"line":14,"column":26}},"4":{"start":{"line":15,"column":19},"end":{"line":15,"column":62}},"5":{"start":{"line":17,"column":29},"end":{"line":19,"column":3}},"6":{"start":{"line":18,"column":4},"end":{"line":18,"column":31}},"7":{"start":{"line":21,"column":2},"end":{"line":62,"column":4}}},"fnMap":{"0":{"name":"(anonymous_0)","decl":{"start":{"line":12,"column":38},"end":{"line":12,"column":39}},"loc":{"start":{"line":12,"column":56},"end":{"line":63,"column":1}},"line":12},"1":{"name":"(anonymous_1)","decl":{"start":{"line":17,"column":29},"end":{"line":17,"column":30}},"loc":{"start":{"line":17,"column":35},"end":{"line":19,"column":3}},"line":17}},"branchMap":{"0":{"loc":{"start":{"line":48,"column":39},"end":{"line":48,"column":65}},"type":"cond-expr","locations":[{"start":{"line":48,"column":50},"end":{"line":48,"column":51}},{"start":{"line":48,"column":54},"end":{"line":48,"column":65}}],"line":48}},"s":{"0":0,"1":0,"2":0,"3":0,"4":0,"5":0,"6":0,"7":0},"f":{"0":0,"1":0},"b":{"0":[0,0]}}
,"/home/quangman/EBAY/ebay-manager-enhance-order-page/frontend/src/components/Layout/ModernSidebar.tsx": {"path":"/home/quangman/EBAY/ebay-manager-enhance-order-page/frontend/src/components/Layout/ModernSidebar.tsx","statementMap":{"0":{"start":{"line":29,"column":52},"end":{"line":175,"column":1}},"1":{"start":{"line":34,"column":19},"end":{"line":34,"column":32}},"2":{"start":{"line":35,"column":19},"end":{"line":35,"column":32}},"3":{"start":{"line":37,"column":20},"end":{"line":43,"column":3}},"4":{"start":{"line":45,"column":19},"end":{"line":45,"column":63}},"5":{"start":{"line":45,"column":37},"end":{"line":45,"column":63}},"6":{"start":{"line":48,"column":4},"end":{"line":138,"column":10}},"7":{"start":{"line":60,"column":12},"end":{"line":95,"column":23}},"8":{"start":{"line":62,"column":29},"end":{"line":62,"column":48}},"9":{"start":{"line":141,"column":2},"end":{"line":174,"column":4}}},"fnMap":{"0":{"name":"(anonymous_0)","decl":{"start":{"line":29,"column":52},"end":{"line":29,"column":53}},"loc":{"start":{"line":33,"column":6},"end":{"line":175,"column":1}},"line":33},"1":{"name":"(anonymous_1)","decl":{"start":{"line":45,"column":19},"end":{"line":45,"column":20}},"loc":{"start":{"line":45,"column":37},"end":{"line":45,"column":63}},"line":45},"2":{"name":"(anonymous_2)","decl":{"start":{"line":59,"column":25},"end":{"line":59,"column":26}},"loc":{"start":{"line":60,"column":12},"end":{"line":95,"column":23}},"line":60},"3":{"name":"(anonymous_3)","decl":{"start":{"line":62,"column":23},"end":{"line":62,"column":24}},"loc":{"start":{"line":62,"column":29},"end":{"line":62,"column":48}},"line":62}},"branchMap":{"0":{"loc":{"start":{"line":69,"column":33},"end":{"line":69,"column":80}},"type":"cond-expr","locations":[{"start":{"line":69,"column":55},"end":{"line":69,"column":64}},{"start":{"line":69,"column":67},"end":{"line":69,"column":80}}],"line":69},"1":{"loc":{"start":{"line":70,"column":23},"end":{"line":70,"column":64}},"type":"cond-expr","locations":[{"start":{"line":70,"column":45},"end":{"line":70,"column":52}},{"start":{"line":70,"column":55},"end":{"line":70,"column":64}}],"line":70},"2":{"loc":{"start":{"line":72,"column":35},"end":{"line":72,"column":78}},"type":"cond-expr","locations":[{"start":{"line":72,"column":57},"end":{"line":72,"column":66}},{"start":{"line":72,"column":69},"end":{"line":72,"column":78}}],"line":72}},"s":{"0":0,"1":0,"2":0,"3":0,"4":0,"5":0,"6":0,"7":0,"8":0,"9":0},"f":{"0":0,"1":0,"2":0,"3":0},"b":{"0":[0,0],"1":[0,0],"2":[0,0]}}
,"/home/quangman/EBAY/ebay-manager-enhance-order-page/frontend/src/components/Layout/ResponsiveGrid.tsx": {"path":"/home/quangman/EBAY/ebay-manager-enhance-order-page/frontend/src/components/Layout/ResponsiveGrid.tsx","statementMap":{"0":{"start":{"line":15,"column":54},"end":{"line":47,"column":1}},"1":{"start":{"line":20,"column":23},"end":{"line":21,"column":35}},"2":{"start":{"line":24,"column":2},"end":{"line":39,"column":3}},"3":{"start":{"line":25,"column":4},"end":{"line":38,"column":6}},"4":{"start":{"line":42,"column":2},"end":{"line":46,"column":4}}},"fnMap":{"0":{"name":"(anonymous_0)","decl":{"start":{"line":15,"column":54},"end":{"line":15,"column":55}},"loc":{"start":{"line":18,"column":6},"end":{"line":47,"column":1}},"line":18}},"branchMap":{"0":{"loc":{"start":{"line":17,"column":2},"end":{"line":17,"column":23}},"type":"default-arg","locations":[{"start":{"line":17,"column":18},"end":{"line":17,"column":23}}],"line":17},"1":{"loc":{"start":{"line":20,"column":23},"end":{"line":21,"column":35}},"type":"binary-expr","locations":[{"start":{"line":20,"column":23},"end":{"line":20,"column":52}},{"start":{"line":21,"column":4},"end":{"line":21,"column":35}}],"line":20},"2":{"loc":{"start":{"line":24,"column":2},"end":{"line":39,"column":3}},"type":"if","locations":[{"start":{"line":24,"column":2},"end":{"line":39,"column":3}},{"start":{},"end":{}}],"line":24},"3":{"loc":{"start":{"line":24,"column":6},"end":{"line":24,"column":35}},"type":"binary-expr","locations":[{"start":{"line":24,"column":6},"end":{"line":24,"column":19}},{"start":{"line":24,"column":23},"end":{"line":24,"column":35}}],"line":24}},"s":{"0":0,"1":0,"2":0,"3":0,"4":0},"f":{"0":0},"b":{"0":[0],"1":[0,0],"2":[0,0],"3":[0,0]}}
,"/home/quangman/EBAY/ebay-manager-enhance-order-page/frontend/src/components/orders/OrderDetailModal.tsx": {"path":"/home/quangman/EBAY/ebay-manager-enhance-order-page/frontend/src/components/orders/OrderDetailModal.tsx","statementMap":{"0":{"start":{"line":40,"column":52},"end":{"line":147,"column":1}},"1":{"start":{"line":41,"column":18},"end":{"line":41,"column":31}},"2":{"start":{"line":42,"column":17},"end":{"line":42,"column":56}},"3":{"start":{"line":44,"column":25},"end":{"line":52,"column":3}},"4":{"start":{"line":45,"column":4},"end":{"line":51,"column":5}},"5":{"start":{"line":46,"column":22},"end":{"line":46,"column":44}},"6":{"start":{"line":47,"column":25},"end":{"line":47,"column":44}},"7":{"start":{"line":48,"column":22},"end":{"line":48,"column":46}},"8":{"start":{"line":49,"column":24},"end":{"line":49,"column":46}},"9":{"start":{"line":50,"column":15},"end":{"line":50,"column":44}},"10":{"start":{"line":55,"column":4},"end":{"line":65,"column":5}},"11":{"start":{"line":56,"column":6},"end":{"line":64,"column":12}},"12":{"start":{"line":67,"column":74},"end":{"line":80,"column":3}},"13":{"start":{"line":68,"column":4},"end":{"line":79,"column":11}},"14":{"start":{"line":82,"column":2},"end":{"line":146,"column":4}},"15":{"start":{"line":153,"column":70},"end":{"line":168,"column":1}},"16":{"start":{"line":154,"column":2},"end":{"line":167,"column":8}},"17":{"start":{"line":170,"column":58},"end":{"line":217,"column":1}},"18":{"start":{"line":171,"column":2},"end":{"line":216,"column":4}}},"fnMap":{"0":{"name":"(anonymous_0)","decl":{"start":{"line":40,"column":52},"end":{"line":40,"column":53}},"loc":{"start":{"line":40,"column":67},"end":{"line":147,"column":1}},"line":40},"1":{"name":"(anonymous_1)","decl":{"start":{"line":44,"column":25},"end":{"line":44,"column":26}},"loc":{"start":{"line":44,"column":45},"end":{"line":52,"column":3}},"line":44},"2":{"name":"(anonymous_2)","decl":{"start":{"line":55,"column":4},"end":{"line":55,"column":5}},"loc":{"start":{"line":56,"column":6},"end":{"line":64,"column":12}},"line":56},"3":{"name":"(anonymous_3)","decl":{"start":{"line":67,"column":74},"end":{"line":67,"column":75}},"loc":{"start":{"line":68,"column":4},"end":{"line":79,"column":11}},"line":68},"4":{"name":"(anonymous_4)","decl":{"start":{"line":153,"column":70},"end":{"line":153,"column":71}},"loc":{"start":{"line":154,"column":2},"end":{"line":167,"column":8}},"line":154},"5":{"name":"(anonymous_5)","decl":{"start":{"line":170,"column":58},"end":{"line":170,"column":59}},"loc":{"start":{"line":170,"column":103},"end":{"line":217,"column":1}},"line":170}},"branchMap":{"0":{"loc":{"start":{"line":42,"column":17},"end":{"line":42,"column":56}},"type":"binary-expr","locations":[{"start":{"line":42,"column":17},"end":{"line":42,"column":43}},{"start":{"line":42,"column":47},"end":{"line":42,"column":56}}],"line":42},"1":{"loc":{"start":{"line":45,"column":4},"end":{"line":51,"column":5}},"type":"switch","locations":[{"start":{"line":46,"column":6},"end":{"line":46,"column":44}},{"start":{"line":47,"column":6},"end":{"line":47,"column":44}},{"start":{"line":48,"column":6},"end":{"line":48,"column":46}},{"start":{"line":49,"column":6},"end":{"line":49,"column":46}},{"start":{"line":50,"column":6},"end":{"line":50,"column":44}}],"line":45},"2":{"loc":{"start":{"line":76,"column":11},"end":{"line":76,"column":25}},"type":"binary-expr","locations":[{"start":{"line":76,"column":11},"end":{"line":76,"column":16}},{"start":{"line":76,"column":20},"end":{"line":76,"column":25}}],"line":76},"3":{"loc":{"start":{"line":161,"column":5},"end":{"line":166,"column":5}},"type":"binary-expr","locations":[{"start":{"line":161,"column":5},"end":{"line":161,"column":18}},{"start":{"line":162,"column":6},"end":{"line":165,"column":8}}],"line":161},"4":{"loc":{"start":{"line":192,"column":9},"end":{"line":196,"column":9}},"type":"binary-expr","locations":[{"start":{"line":192,"column":9},"end":{"line":192,"column":14}},{"start":{"line":193,"column":10},"end":{"line":195,"column":23}}],"line":192},"5":{"loc":{"start":{"line":194,"column":13},"end":{"line":194,"column":59}},"type":"binary-expr","locations":[{"start":{"line":194,"column":13},"end":{"line":194,"column":42}},{"start":{"line":194,"column":46},"end":{"line":194,"column":59}}],"line":194},"6":{"loc":{"start":{"line":203,"column":9},"end":{"line":203,"column":90}},"type":"binary-expr","locations":[{"start":{"line":203,"column":9},"end":{"line":203,"column":14}},{"start":{"line":203,"column":18},"end":{"line":203,"column":90}}],"line":203}},"s":{"0":1,"1":6,"2":6,"3":6,"4":6,"5":0,"6":6,"7":0,"8":0,"9":0,"10":6,"11":30,"12":6,"13":156,"14":6,"15":1,"16":6,"17":1,"18":8},"f":{"0":6,"1":6,"2":30,"3":156,"4":6,"5":8},"b":{"0":[6,0],"1":[0,6,0,0,0],"2":[156,66],"3":[6,5],"4":[8,7],"5":[7,0],"6":[8,7]},"_coverageSchema":"1a1c01bbd47fc00a2c39e90264f33305004495a9","hash":"fecfd7b272071033df1fac51e2a2598a590d00e8"}
,"/home/quangman/EBAY/ebay-manager-enhance-order-page/frontend/src/components/orders/OrderHistoryTimeline.tsx": {"path":"/home/quangman/EBAY/ebay-manager-enhance-order-page/frontend/src/components/orders/OrderHistoryTimeline.tsx","statementMap":{"0":{"start":{"line":43,"column":36},"end":{"line":43,"column":38}},"1":{"start":{"line":45,"column":4},"end":{"line":52,"column":7}},"2":{"start":{"line":54,"column":26},"end":{"line":54,"column":52}},"3":{"start":{"line":55,"column":4},"end":{"line":58,"column":5}},"4":{"start":{"line":56,"column":27},"end":{"line":56,"column":59}},"5":{"start":{"line":57,"column":6},"end":{"line":57,"column":35}},"6":{"start":{"line":60,"column":4},"end":{"line":69,"column":5}},"7":{"start":{"line":61,"column":6},"end":{"line":68,"column":9}},"8":{"start":{"line":71,"column":4},"end":{"line":82,"column":5}},"9":{"start":{"line":72,"column":25},"end":{"line":80,"column":9}},"10":{"start":{"line":72,"column":52},"end":{"line":80,"column":7}},"11":{"start":{"line":81,"column":6},"end":{"line":81,"column":33}},"12":{"start":{"line":84,"column":4},"end":{"line":84,"column":100}},"13":{"start":{"line":84,"column":33},"end":{"line":84,"column":98}},"14":{"start":{"line":88,"column":36},"end":{"line":88,"column":38}},"15":{"start":{"line":89,"column":26},"end":{"line":89,"column":52}},"16":{"start":{"line":91,"column":104},"end":{"line":96,"column":5}},"17":{"start":{"line":98,"column":4},"end":{"line":109,"column":5}},"18":{"start":{"line":99,"column":25},"end":{"line":99,"column":50}},"19":{"start":{"line":100,"column":6},"end":{"line":108,"column":9}},"20":{"start":{"line":111,"column":4},"end":{"line":111,"column":18}},"21":{"start":{"line":115,"column":17},"end":{"line":115,"column":36}},"22":{"start":{"line":116,"column":16},"end":{"line":116,"column":26}},"23":{"start":{"line":117,"column":21},"end":{"line":117,"column":51}},"24":{"start":{"line":118,"column":21},"end":{"line":118,"column":65}},"25":{"start":{"line":119,"column":22},"end":{"line":119,"column":61}},"26":{"start":{"line":120,"column":24},"end":{"line":120,"column":58}},"27":{"start":{"line":122,"column":4},"end":{"line":130,"column":5}},"28":{"start":{"line":123,"column":6},"end":{"line":123,"column":61}},"29":{"start":{"line":124,"column":11},"end":{"line":130,"column":5}},"30":{"start":{"line":125,"column":6},"end":{"line":125,"column":64}},"31":{"start":{"line":126,"column":11},"end":{"line":130,"column":5}},"32":{"start":{"line":127,"column":6},"end":{"line":127,"column":70}},"33":{"start":{"line":129,"column":6},"end":{"line":129,"column":24}},"34":{"start":{"line":134,"column":26},"end":{"line":134,"column":49}},"35":{"start":{"line":136,"column":66},"end":{"line":236,"column":1}},"36":{"start":{"line":137,"column":17},"end":{"line":137,"column":64}},"37":{"start":{"line":139,"column":77},"end":{"line":196,"column":3}},"38":{"start":{"line":140,"column":26},"end":{"line":140,"column":36}},"39":{"start":{"line":142,"column":4},"end":{"line":195,"column":6}},"40":{"start":{"line":198,"column":2},"end":{"line":235,"column":4}},"41":{"start":{"line":216,"column":12},"end":{"line":220,"column":14}}},"fnMap":{"0":{"name":"(anonymous_0)","decl":{"start":{"line":42,"column":2},"end":{"line":42,"column":3}},"loc":{"start":{"line":42,"column":56},"end":{"line":85,"column":3}},"line":42},"1":{"name":"(anonymous_1)","decl":{"start":{"line":72,"column":41},"end":{"line":72,"column":42}},"loc":{"start":{"line":72,"column":52},"end":{"line":80,"column":7}},"line":72},"2":{"name":"(anonymous_2)","decl":{"start":{"line":84,"column":23},"end":{"line":84,"column":24}},"loc":{"start":{"line":84,"column":33},"end":{"line":84,"column":98}},"line":84},"3":{"name":"(anonymous_3)","decl":{"start":{"line":87,"column":2},"end":{"line":87,"column":3}},"loc":{"start":{"line":87,"column":62},"end":{"line":112,"column":3}},"line":87},"4":{"name":"(anonymous_4)","decl":{"start":{"line":114,"column":2},"end":{"line":114,"column":3}},"loc":{"start":{"line":114,"column":45},"end":{"line":131,"column":3}},"line":114},"5":{"name":"(anonymous_5)","decl":{"start":{"line":136,"column":66},"end":{"line":136,"column":67}},"loc":{"start":{"line":136,"column":81},"end":{"line":236,"column":1}},"line":136},"6":{"name":"(anonymous_6)","decl":{"start":{"line":139,"column":77},"end":{"line":139,"column":78}},"loc":{"start":{"line":139,"column":100},"end":{"line":196,"column":3}},"line":139},"7":{"name":"(anonymous_7)","decl":{"start":{"line":215,"column":22},"end":{"line":215,"column":23}},"loc":{"start":{"line":216,"column":12},"end":{"line":220,"column":14}},"line":216}},"branchMap":{"0":{"loc":{"start":{"line":55,"column":4},"end":{"line":58,"column":5}},"type":"if","locations":[{"start":{"line":55,"column":4},"end":{"line":58,"column":5}},{"start":{},"end":{}}],"line":55},"1":{"loc":{"start":{"line":55,"column":8},"end":{"line":55,"column":52}},"type":"binary-expr","locations":[{"start":{"line":55,"column":8},"end":{"line":55,"column":21}},{"start":{"line":55,"column":25},"end":{"line":55,"column":52}}],"line":55},"2":{"loc":{"start":{"line":60,"column":4},"end":{"line":69,"column":5}},"type":"if","locations":[{"start":{"line":60,"column":4},"end":{"line":69,"column":5}},{"start":{},"end":{}}],"line":60},"3":{"loc":{"start":{"line":64,"column":19},"end":{"line":64,"column":69}},"type":"binary-expr","locations":[{"start":{"line":64,"column":19},"end":{"line":64,"column":49}},{"start":{"line":64,"column":53},"end":{"line":64,"column":69}}],"line":64},"4":{"loc":{"start":{"line":71,"column":4},"end":{"line":82,"column":5}},"type":"if","locations":[{"start":{"line":71,"column":4},"end":{"line":82,"column":5}},{"start":{},"end":{}}],"line":71},"5":{"loc":{"start":{"line":71,"column":8},"end":{"line":71,"column":45}},"type":"binary-expr","locations":[{"start":{"line":71,"column":8},"end":{"line":71,"column":19}},{"start":{"line":71,"column":23},"end":{"line":71,"column":45}}],"line":71},"6":{"loc":{"start":{"line":98,"column":4},"end":{"line":109,"column":5}},"type":"if","locations":[{"start":{"line":98,"column":4},"end":{"line":109,"column":5}},{"start":{},"end":{}}],"line":98},"7":{"loc":{"start":{"line":98,"column":8},"end":{"line":98,"column":50}},"type":"binary-expr","locations":[{"start":{"line":98,"column":8},"end":{"line":98,"column":21}},{"start":{"line":98,"column":25},"end":{"line":98,"column":50}}],"line":98},"8":{"loc":{"start":{"line":103,"column":19},"end":{"line":103,"column":69}},"type":"binary-expr","locations":[{"start":{"line":103,"column":19},"end":{"line":103,"column":49}},{"start":{"line":103,"column":53},"end":{"line":103,"column":69}}],"line":103},"9":{"loc":{"start":{"line":107,"column":22},"end":{"line":107,"column":64}},"type":"binary-expr","locations":[{"start":{"line":107,"column":22},"end":{"line":107,"column":52}},{"start":{"line":107,"column":56},"end":{"line":107,"column":64}}],"line":107},"10":{"loc":{"start":{"line":122,"column":4},"end":{"line":130,"column":5}},"type":"if","locations":[{"start":{"line":122,"column":4},"end":{"line":130,"column":5}},{"start":{"line":124,"column":11},"end":{"line":130,"column":5}}],"line":122},"11":{"loc":{"start":{"line":123,"column":31},"end":{"line":123,"column":54}},"type":"cond-expr","locations":[{"start":{"line":123,"column":46},"end":{"line":123,"column":49}},{"start":{"line":123,"column":52},"end":{"line":123,"column":54}}],"line":123},"12":{"loc":{"start":{"line":124,"column":11},"end":{"line":130,"column":5}},"type":"if","locations":[{"start":{"line":124,"column":11},"end":{"line":130,"column":5}},{"start":{"line":126,"column":11},"end":{"line":130,"column":5}}],"line":124},"13":{"loc":{"start":{"line":125,"column":33},"end":{"line":125,"column":57}},"type":"cond-expr","locations":[{"start":{"line":125,"column":49},"end":{"line":125,"column":52}},{"start":{"line":125,"column":55},"end":{"line":125,"column":57}}],"line":125},"14":{"loc":{"start":{"line":126,"column":11},"end":{"line":130,"column":5}},"type":"if","locations":[{"start":{"line":126,"column":11},"end":{"line":130,"column":5}},{"start":{"line":128,"column":11},"end":{"line":130,"column":5}}],"line":126},"15":{"loc":{"start":{"line":127,"column":37},"end":{"line":127,"column":63}},"type":"cond-expr","locations":[{"start":{"line":127,"column":55},"end":{"line":127,"column":58}},{"start":{"line":127,"column":61},"end":{"line":127,"column":63}}],"line":127},"16":{"loc":{"start":{"line":156,"column":11},"end":{"line":165,"column":11}},"type":"binary-expr","locations":[{"start":{"line":156,"column":11},"end":{"line":156,"column":18}},{"start":{"line":157,"column":12},"end":{"line":164,"column":14}}],"line":156},"17":{"loc":{"start":{"line":178,"column":13},"end":{"line":191,"column":13}},"type":"binary-expr","locations":[{"start":{"line":178,"column":13},"end":{"line":178,"column":23}},{"start":{"line":179,"column":14},"end":{"line":190,"column":16}}],"line":178},"18":{"loc":{"start":{"line":204,"column":7},"end":{"line":233,"column":7}},"type":"cond-expr","locations":[{"start":{"line":205,"column":8},"end":{"line":222,"column":16}},{"start":{"line":224,"column":8},"end":{"line":232,"column":21}}],"line":204}},"s":{"0":6,"1":6,"2":6,"3":6,"4":6,"5":6,"6":6,"7":6,"8":6,"9":6,"10":6,"11":6,"12":6,"13":18,"14":6,"15":6,"16":6,"17":6,"18":6,"19":6,"20":6,"21":24,"22":24,"23":24,"24":24,"25":24,"26":24,"27":24,"28":0,"29":24,"30":24,"31":0,"32":0,"33":0,"34":1,"35":1,"36":6,"37":6,"38":24,"39":24,"40":6,"41":24},"f":{"0":6,"1":6,"2":18,"3":6,"4":24,"5":6,"6":24,"7":24},"b":{"0":[6,0],"1":[6,6],"2":[6,0],"3":[6,0],"4":[6,0],"5":[6,6],"6":[6,0],"7":[6,6],"8":[6,0],"9":[6,0],"10":[0,24],"11":[0,0],"12":[24,0],"13":[24,0],"14":[0,0],"15":[0,0],"16":[24,18],"17":[24,12],"18":[6,0]},"_coverageSchema":"1a1c01bbd47fc00a2c39e90264f33305004495a9","hash":"1bb1ce8365f962102b76e7344afcea4ea77a5779"}
,"/home/quangman/EBAY/ebay-manager-enhance-order-page/frontend/src/components/orders/OrderNotesManager.tsx": {"path":"/home/quangman/EBAY/ebay-manager-enhance-order-page/frontend/src/components/orders/OrderNotesManager.tsx","statementMap":{"0":{"start":{"line":32,"column":29},"end":{"line":32,"column":31}},"1":{"start":{"line":34,"column":4},"end":{"line":40,"column":5}},"2":{"start":{"line":35,"column":6},"end":{"line":35,"column":42}},"3":{"start":{"line":36,"column":11},"end":{"line":40,"column":5}},"4":{"start":{"line":37,"column":6},"end":{"line":37,"column":56}},"5":{"start":{"line":38,"column":11},"end":{"line":40,"column":5}},"6":{"start":{"line":39,"column":6},"end":{"line":39,"column":55}},"7":{"start":{"line":42,"column":4},"end":{"line":42,"column":18}},"8":{"start":{"line":46,"column":17},"end":{"line":46,"column":37}},"9":{"start":{"line":47,"column":4},"end":{"line":52,"column":7}},"10":{"start":{"line":56,"column":20},"end":{"line":56,"column":37}},"11":{"start":{"line":58,"column":60},"end":{"line":187,"column":1}},"12":{"start":{"line":59,"column":32},"end":{"line":59,"column":44}},"13":{"start":{"line":60,"column":32},"end":{"line":60,"column":47}},"14":{"start":{"line":61,"column":28},"end":{"line":61,"column":57}},"15":{"start":{"line":62,"column":16},"end":{"line":62,"column":33}},"16":{"start":{"line":64,"column":24},"end":{"line":86,"column":3}},"17":{"start":{"line":65,"column":24},"end":{"line":65,"column":38}},"18":{"start":{"line":66,"column":29},"end":{"line":66,"column":66}},"19":{"start":{"line":68,"column":4},"end":{"line":71,"column":5}},"20":{"start":{"line":69,"column":6},"end":{"line":69,"column":44}},"21":{"start":{"line":70,"column":6},"end":{"line":70,"column":13}},"22":{"start":{"line":73,"column":4},"end":{"line":73,"column":21}},"23":{"start":{"line":74,"column":4},"end":{"line":85,"column":5}},"24":{"start":{"line":75,"column":24},"end":{"line":75,"column":82}},"25":{"start":{"line":76,"column":27},"end":{"line":76,"column":48}},"26":{"start":{"line":77,"column":6},"end":{"line":77,"column":44}},"27":{"start":{"line":78,"column":6},"end":{"line":78,"column":21}},"28":{"start":{"line":79,"column":6},"end":{"line":79,"column":21}},"29":{"start":{"line":81,"column":6},"end":{"line":81,"column":50}},"30":{"start":{"line":82,"column":6},"end":{"line":82,"column":56}},"31":{"start":{"line":84,"column":6},"end":{"line":84,"column":24}},"32":{"start":{"line":88,"column":50},"end":{"line":116,"column":3}},"33":{"start":{"line":89,"column":4},"end":{"line":115,"column":12}},"34":{"start":{"line":118,"column":2},"end":{"line":186,"column":4}},"35":{"start":{"line":127,"column":12},"end":{"line":127,"column":50}},"36":{"start":{"line":155,"column":27},"end":{"line":155,"column":53}},"37":{"start":{"line":179,"column":23},"end":{"line":179,"column":37}},"38":{"start":{"line":181,"column":47},"end":{"line":181,"column":61}}},"fnMap":{"0":{"name":"(anonymous_0)","decl":{"start":{"line":31,"column":2},"end":{"line":31,"column":3}},"loc":{"start":{"line":31,"column":39},"end":{"line":43,"column":3}},"line":31},"1":{"name":"(anonymous_1)","decl":{"start":{"line":45,"column":2},"end":{"line":45,"column":3}},"loc":{"start":{"line":45,"column":45},"end":{"line":53,"column":3}},"line":45},"2":{"name":"(anonymous_2)","decl":{"start":{"line":58,"column":60},"end":{"line":58,"column":61}},"loc":{"start":{"line":58,"column":90},"end":{"line":187,"column":1}},"line":58},"3":{"name":"(anonymous_3)","decl":{"start":{"line":64,"column":24},"end":{"line":64,"column":25}},"loc":{"start":{"line":64,"column":36},"end":{"line":86,"column":3}},"line":64},"4":{"name":"(anonymous_4)","decl":{"start":{"line":88,"column":50},"end":{"line":88,"column":51}},"loc":{"start":{"line":89,"column":4},"end":{"line":115,"column":12}},"line":89},"5":{"name":"(anonymous_5)","decl":{"start":{"line":126,"column":21},"end":{"line":126,"column":22}},"loc":{"start":{"line":127,"column":12},"end":{"line":127,"column":50}},"line":127},"6":{"name":"(anonymous_6)","decl":{"start":{"line":155,"column":20},"end":{"line":155,"column":21}},"loc":{"start":{"line":155,"column":27},"end":{"line":155,"column":53}},"line":155},"7":{"name":"(anonymous_7)","decl":{"start":{"line":179,"column":17},"end":{"line":179,"column":18}},"loc":{"start":{"line":179,"column":23},"end":{"line":179,"column":37}},"line":179},"8":{"name":"(anonymous_8)","decl":{"start":{"line":181,"column":41},"end":{"line":181,"column":42}},"loc":{"start":{"line":181,"column":47},"end":{"line":181,"column":61}},"line":181}},"branchMap":{"0":{"loc":{"start":{"line":34,"column":4},"end":{"line":40,"column":5}},"type":"if","locations":[{"start":{"line":34,"column":4},"end":{"line":40,"column":5}},{"start":{"line":36,"column":11},"end":{"line":40,"column":5}}],"line":34},"1":{"loc":{"start":{"line":36,"column":11},"end":{"line":40,"column":5}},"type":"if","locations":[{"start":{"line":36,"column":11},"end":{"line":40,"column":5}},{"start":{"line":38,"column":11},"end":{"line":40,"column":5}}],"line":36},"2":{"loc":{"start":{"line":38,"column":11},"end":{"line":40,"column":5}},"type":"if","locations":[{"start":{"line":38,"column":11},"end":{"line":40,"column":5}},{"start":{},"end":{}}],"line":38},"3":{"loc":{"start":{"line":62,"column":16},"end":{"line":62,"column":33}},"type":"binary-expr","locations":[{"start":{"line":62,"column":16},"end":{"line":62,"column":27}},{"start":{"line":62,"column":31},"end":{"line":62,"column":33}}],"line":62},"4":{"loc":{"start":{"line":68,"column":4},"end":{"line":71,"column":5}},"type":"if","locations":[{"start":{"line":68,"column":4},"end":{"line":71,"column":5}},{"start":{},"end":{}}],"line":68},"5":{"loc":{"start":{"line":124,"column":7},"end":{"line":141,"column":7}},"type":"cond-expr","locations":[{"start":{"line":125,"column":8},"end":{"line":129,"column":14}},{"start":{"line":131,"column":8},"end":{"line":140,"column":21}}],"line":124},"6":{"loc":{"start":{"line":160,"column":22},"end":{"line":160,"column":65}},"type":"binary-expr","locations":[{"start":{"line":160,"column":22},"end":{"line":160,"column":27}},{"start":{"line":160,"column":31},"end":{"line":160,"column":65}}],"line":160},"7":{"loc":{"start":{"line":167,"column":23},"end":{"line":167,"column":73}},"type":"cond-expr","locations":[{"start":{"line":167,"column":33},"end":{"line":167,"column":63}},{"start":{"line":167,"column":66},"end":{"line":167,"column":73}}],"line":167},"8":{"loc":{"start":{"line":169,"column":22},"end":{"line":169,"column":48}},"type":"binary-expr","locations":[{"start":{"line":169,"column":22},"end":{"line":169,"column":29}},{"start":{"line":169,"column":33},"end":{"line":169,"column":48}}],"line":169}},"s":{"0":3,"1":3,"2":0,"3":3,"4":1,"5":2,"6":0,"7":3,"8":21,"9":21,"10":2,"11":2,"12":22,"13":22,"14":22,"15":22,"16":22,"17":3,"18":3,"19":3,"20":1,"21":1,"22":2,"23":2,"24":2,"25":1,"26":1,"27":1,"28":1,"29":1,"30":1,"31":2,"32":22,"33":21,"34":22,"35":21,"36":4,"37":0,"38":0},"f":{"0":3,"1":21,"2":22,"3":3,"4":21,"5":21,"6":4,"7":0,"8":0},"b":{"0":[0,3],"1":[1,2],"2":[0,2],"3":[22,0],"4":[1,2],"5":[21,1],"6":[22,20],"7":[2,20],"8":[22,20]},"_coverageSchema":"1a1c01bbd47fc00a2c39e90264f33305004495a9","hash":"95345943bf1d3a6f33ad855914e3bfd0ef143497"}
,"/home/quangman/EBAY/ebay-manager-enhance-order-page/frontend/src/components/orders/OrderStatusEditor.tsx": {"path":"/home/quangman/EBAY/ebay-manager-enhance-order-page/frontend/src/components/orders/OrderStatusEditor.tsx","statementMap":{"0":{"start":{"line":32,"column":60},"end":{"line":38,"column":3}},"1":{"start":{"line":41,"column":4},"end":{"line":41,"column":77}},"2":{"start":{"line":45,"column":4},"end":{"line":45,"column":45}},"3":{"start":{"line":49,"column":24},"end":{"line":49,"column":45}},"4":{"start":{"line":51,"column":60},"end":{"line":179,"column":1}},"5":{"start":{"line":52,"column":24},"end":{"line":52,"column":63}},"6":{"start":{"line":53,"column":36},"end":{"line":53,"column":51}},"7":{"start":{"line":54,"column":46},"end":{"line":54,"column":69}},"8":{"start":{"line":55,"column":32},"end":{"line":55,"column":47}},"9":{"start":{"line":56,"column":28},"end":{"line":56,"column":57}},"10":{"start":{"line":58,"column":25},"end":{"line":67,"column":3}},"11":{"start":{"line":59,"column":4},"end":{"line":66,"column":5}},"12":{"start":{"line":60,"column":22},"end":{"line":60,"column":44}},"13":{"start":{"line":61,"column":25},"end":{"line":61,"column":44}},"14":{"start":{"line":62,"column":22},"end":{"line":62,"column":46}},"15":{"start":{"line":63,"column":24},"end":{"line":63,"column":46}},"16":{"start":{"line":64,"column":24},"end":{"line":64,"column":44}},"17":{"start":{"line":65,"column":15},"end":{"line":65,"column":44}},"18":{"start":{"line":69,"column":26},"end":{"line":72,"column":3}},"19":{"start":{"line":70,"column":4},"end":{"line":70,"column":23}},"20":{"start":{"line":71,"column":4},"end":{"line":71,"column":37}},"21":{"start":{"line":74,"column":27},"end":{"line":78,"column":3}},"22":{"start":{"line":75,"column":4},"end":{"line":75,"column":24}},"23":{"start":{"line":76,"column":4},"end":{"line":76,"column":37}},"24":{"start":{"line":77,"column":4},"end":{"line":77,"column":19}},"25":{"start":{"line":80,"column":27},"end":{"line":104,"column":3}},"26":{"start":{"line":81,"column":4},"end":{"line":84,"column":5}},"27":{"start":{"line":82,"column":6},"end":{"line":82,"column":26}},"28":{"start":{"line":83,"column":6},"end":{"line":83,"column":13}},"29":{"start":{"line":86,"column":4},"end":{"line":89,"column":5}},"30":{"start":{"line":87,"column":6},"end":{"line":87,"column":87}},"31":{"start":{"line":88,"column":6},"end":{"line":88,"column":13}},"32":{"start":{"line":91,"column":4},"end":{"line":91,"column":21}},"33":{"start":{"line":92,"column":4},"end":{"line":103,"column":5}},"34":{"start":{"line":93,"column":6},"end":{"line":93,"column":73}},"35":{"start":{"line":94,"column":6},"end":{"line":94,"column":47}},"36":{"start":{"line":95,"column":6},"end":{"line":95,"column":26}},"37":{"start":{"line":96,"column":6},"end":{"line":96,"column":21}},"38":{"start":{"line":98,"column":6},"end":{"line":98,"column":61}},"39":{"start":{"line":99,"column":6},"end":{"line":99,"column":67}},"40":{"start":{"line":100,"column":6},"end":{"line":100,"column":39}},"41":{"start":{"line":102,"column":6},"end":{"line":102,"column":24}},"42":{"start":{"line":106,"column":2},"end":{"line":158,"column":3}},"43":{"start":{"line":107,"column":29},"end":{"line":107,"column":79}},"44":{"start":{"line":108,"column":39},"end":{"line":108,"column":88}},"45":{"start":{"line":109,"column":30},"end":{"line":111,"column":5}},"46":{"start":{"line":110,"column":6},"end":{"line":110,"column":67}},"47":{"start":{"line":113,"column":4},"end":{"line":157,"column":6}},"48":{"start":{"line":118,"column":29},"end":{"line":118,"column":62}},"49":{"start":{"line":122,"column":14},"end":{"line":124,"column":25}},"50":{"start":{"line":150,"column":25},"end":{"line":150,"column":39}},"51":{"start":{"line":152,"column":49},"end":{"line":152,"column":63}},"52":{"start":{"line":160,"column":2},"end":{"line":178,"column":4}}},"fnMap":{"0":{"name":"(anonymous_0)","decl":{"start":{"line":40,"column":2},"end":{"line":40,"column":3}},"loc":{"start":{"line":40,"column":55},"end":{"line":42,"column":3}},"line":40},"1":{"name":"(anonymous_1)","decl":{"start":{"line":44,"column":2},"end":{"line":44,"column":3}},"loc":{"start":{"line":44,"column":51},"end":{"line":46,"column":3}},"line":44},"2":{"name":"(anonymous_2)","decl":{"start":{"line":51,"column":60},"end":{"line":51,"column":61}},"loc":{"start":{"line":51,"column":91},"end":{"line":179,"column":1}},"line":51},"3":{"name":"(anonymous_3)","decl":{"start":{"line":58,"column":25},"end":{"line":58,"column":26}},"loc":{"start":{"line":58,"column":45},"end":{"line":67,"column":3}},"line":58},"4":{"name":"(anonymous_4)","decl":{"start":{"line":69,"column":26},"end":{"line":69,"column":27}},"loc":{"start":{"line":69,"column":32},"end":{"line":72,"column":3}},"line":69},"5":{"name":"(anonymous_5)","decl":{"start":{"line":74,"column":27},"end":{"line":74,"column":28}},"loc":{"start":{"line":74,"column":33},"end":{"line":78,"column":3}},"line":74},"6":{"name":"(anonymous_6)","decl":{"start":{"line":80,"column":27},"end":{"line":80,"column":28}},"loc":{"start":{"line":80,"column":39},"end":{"line":104,"column":3}},"line":80},"7":{"name":"(anonymous_7)","decl":{"start":{"line":109,"column":49},"end":{"line":109,"column":50}},"loc":{"start":{"line":110,"column":6},"end":{"line":110,"column":67}},"line":110},"8":{"name":"(anonymous_8)","decl":{"start":{"line":118,"column":22},"end":{"line":118,"column":23}},"loc":{"start":{"line":118,"column":29},"end":{"line":118,"column":62}},"line":118},"9":{"name":"(anonymous_9)","decl":{"start":{"line":121,"column":35},"end":{"line":121,"column":36}},"loc":{"start":{"line":122,"column":14},"end":{"line":124,"column":25}},"line":122},"10":{"name":"(anonymous_10)","decl":{"start":{"line":150,"column":19},"end":{"line":150,"column":20}},"loc":{"start":{"line":150,"column":25},"end":{"line":150,"column":39}},"line":150},"11":{"name":"(anonymous_11)","decl":{"start":{"line":152,"column":43},"end":{"line":152,"column":44}},"loc":{"start":{"line":152,"column":49},"end":{"line":152,"column":63}},"line":152}},"branchMap":{"0":{"loc":{"start":{"line":41,"column":11},"end":{"line":41,"column":76}},"type":"binary-expr","locations":[{"start":{"line":41,"column":11},"end":{"line":41,"column":67}},{"start":{"line":41,"column":71},"end":{"line":41,"column":76}}],"line":41},"1":{"loc":{"start":{"line":45,"column":11},"end":{"line":45,"column":44}},"type":"binary-expr","locations":[{"start":{"line":45,"column":11},"end":{"line":45,"column":38}},{"start":{"line":45,"column":42},"end":{"line":45,"column":44}}],"line":45},"2":{"loc":{"start":{"line":52,"column":24},"end":{"line":52,"column":63}},"type":"binary-expr","locations":[{"start":{"line":52,"column":24},"end":{"line":52,"column":50}},{"start":{"line":52,"column":54},"end":{"line":52,"column":63}}],"line":52},"3":{"loc":{"start":{"line":59,"column":4},"end":{"line":66,"column":5}},"type":"switch","locations":[{"start":{"line":60,"column":6},"end":{"line":60,"column":44}},{"start":{"line":61,"column":6},"end":{"line":61,"column":44}},{"start":{"line":62,"column":6},"end":{"line":62,"column":46}},{"start":{"line":63,"column":6},"end":{"line":63,"column":46}},{"start":{"line":64,"column":6},"end":{"line":64,"column":44}},{"start":{"line":65,"column":6},"end":{"line":65,"column":44}}],"line":59},"4":{"loc":{"start":{"line":81,"column":4},"end":{"line":84,"column":5}},"type":"if","locations":[{"start":{"line":81,"column":4},"end":{"line":84,"column":5}},{"start":{},"end":{}}],"line":81},"5":{"loc":{"start":{"line":86,"column":4},"end":{"line":89,"column":5}},"type":"if","locations":[{"start":{"line":86,"column":4},"end":{"line":89,"column":5}},{"start":{},"end":{}}],"line":86},"6":{"loc":{"start":{"line":106,"column":2},"end":{"line":158,"column":3}},"type":"if","locations":[{"start":{"line":106,"column":2},"end":{"line":158,"column":3}},{"start":{},"end":{}}],"line":106},"7":{"loc":{"start":{"line":110,"column":6},"end":{"line":110,"column":67}},"type":"binary-expr","locations":[{"start":{"line":110,"column":6},"end":{"line":110,"column":30}},{"start":{"line":110,"column":34},"end":{"line":110,"column":67}}],"line":110},"8":{"loc":{"start":{"line":135,"column":11},"end":{"line":135,"column":62}},"type":"cond-expr","locations":[{"start":{"line":135,"column":21},"end":{"line":135,"column":51}},{"start":{"line":135,"column":54},"end":{"line":135,"column":62}}],"line":135}},"s":{"0":1,"1":0,"2":8,"3":1,"4":1,"5":15,"6":15,"7":15,"8":15,"9":15,"10":15,"11":7,"12":6,"13":0,"14":0,"15":1,"16":0,"17":0,"18":15,"19":6,"20":6,"21":15,"22":0,"23":0,"24":0,"25":15,"26":0,"27":0,"28":0,"29":0,"30":0,"31":0,"32":0,"33":0,"34":0,"35":0,"36":0,"37":0,"38":0,"39":0,"40":0,"41":0,"42":15,"43":8,"44":8,"45":8,"46":32,"47":8,"48":2,"49":15,"50":0,"51":0,"52":7},"f":{"0":0,"1":8,"2":15,"3":7,"4":6,"5":0,"6":0,"7":32,"8":2,"9":15,"10":0,"11":0},"b":{"0":[0,0],"1":[8,0],"2":[15,0],"3":[6,0,0,1,0,0],"4":[0,0],"5":[0,0],"6":[8,7],"7":[32,24],"8":[0,8]},"_coverageSchema":"1a1c01bbd47fc00a2c39e90264f33305004495a9","hash":"1c66be187aad754df7b1ebb3efec8ef9f12348d1"}
,"/home/quangman/EBAY/ebay-manager-enhance-order-page/frontend/src/components/orders/TrackingNumberInput.tsx": {"path":"/home/quangman/EBAY/ebay-manager-enhance-order-page/frontend/src/components/orders/TrackingNumberInput.tsx","statementMap":{"0":{"start":{"line":29,"column":29},"end":{"line":39,"column":3}},"1":{"start":{"line":42,"column":4},"end":{"line":42,"column":67}},"2":{"start":{"line":42,"column":54},"end":{"line":42,"column":67}},"3":{"start":{"line":43,"column":4},"end":{"line":43,"column":79}},"4":{"start":{"line":43,"column":49},"end":{"line":43,"column":77}},"5":{"start":{"line":47,"column":29},"end":{"line":47,"column":31}},"6":{"start":{"line":49,"column":4},"end":{"line":55,"column":5}},"7":{"start":{"line":50,"column":6},"end":{"line":50,"column":49}},"8":{"start":{"line":51,"column":11},"end":{"line":55,"column":5}},"9":{"start":{"line":52,"column":6},"end":{"line":52,"column":67}},"10":{"start":{"line":53,"column":11},"end":{"line":55,"column":5}},"11":{"start":{"line":54,"column":6},"end":{"line":54,"column":52}},"12":{"start":{"line":57,"column":4},"end":{"line":57,"column":18}},"13":{"start":{"line":61,"column":26},"end":{"line":61,"column":49}},"14":{"start":{"line":63,"column":64},"end":{"line":184,"column":1}},"15":{"start":{"line":64,"column":26},"end":{"line":64,"column":64}},"16":{"start":{"line":65,"column":36},"end":{"line":65,"column":51}},"17":{"start":{"line":66,"column":46},"end":{"line":66,"column":71}},"18":{"start":{"line":67,"column":32},"end":{"line":67,"column":47}},"19":{"start":{"line":68,"column":28},"end":{"line":68,"column":57}},"20":{"start":{"line":70,"column":26},"end":{"line":73,"column":3}},"21":{"start":{"line":71,"column":4},"end":{"line":71,"column":23}},"22":{"start":{"line":72,"column":4},"end":{"line":72,"column":39}},"23":{"start":{"line":75,"column":27},"end":{"line":79,"column":3}},"24":{"start":{"line":76,"column":4},"end":{"line":76,"column":24}},"25":{"start":{"line":77,"column":4},"end":{"line":77,"column":39}},"26":{"start":{"line":78,"column":4},"end":{"line":78,"column":19}},"27":{"start":{"line":81,"column":29},"end":{"line":108,"column":3}},"28":{"start":{"line":82,"column":28},"end":{"line":82,"column":49}},"29":{"start":{"line":84,"column":4},"end":{"line":87,"column":5}},"30":{"start":{"line":85,"column":6},"end":{"line":85,"column":26}},"31":{"start":{"line":86,"column":6},"end":{"line":86,"column":13}},"32":{"start":{"line":89,"column":4},"end":{"line":93,"column":5}},"33":{"start":{"line":90,"column":21},"end":{"line":90,"column":73}},"34":{"start":{"line":91,"column":6},"end":{"line":91,"column":34}},"35":{"start":{"line":92,"column":6},"end":{"line":92,"column":13}},"36":{"start":{"line":95,"column":4},"end":{"line":95,"column":21}},"37":{"start":{"line":96,"column":4},"end":{"line":107,"column":5}},"38":{"start":{"line":97,"column":6},"end":{"line":97,"column":77}},"39":{"start":{"line":98,"column":6},"end":{"line":98,"column":50}},"40":{"start":{"line":99,"column":6},"end":{"line":99,"column":26}},"41":{"start":{"line":100,"column":6},"end":{"line":100,"column":21}},"42":{"start":{"line":102,"column":6},"end":{"line":102,"column":64}},"43":{"start":{"line":103,"column":6},"end":{"line":103,"column":70}},"44":{"start":{"line":104,"column":6},"end":{"line":104,"column":41}},"45":{"start":{"line":106,"column":6},"end":{"line":106,"column":24}},"46":{"start":{"line":110,"column":2},"end":{"line":153,"column":3}},"47":{"start":{"line":111,"column":4},"end":{"line":152,"column":6}},"48":{"start":{"line":115,"column":27},"end":{"line":115,"column":60}},"49":{"start":{"line":145,"column":25},"end":{"line":145,"column":39}},"50":{"start":{"line":147,"column":49},"end":{"line":147,"column":63}},"51":{"start":{"line":155,"column":2},"end":{"line":183,"column":4}}},"fnMap":{"0":{"name":"(anonymous_0)","decl":{"start":{"line":41,"column":2},"end":{"line":41,"column":3}},"loc":{"start":{"line":41,"column":57},"end":{"line":44,"column":3}},"line":41},"1":{"name":"(anonymous_1)","decl":{"start":{"line":43,"column":38},"end":{"line":43,"column":39}},"loc":{"start":{"line":43,"column":49},"end":{"line":43,"column":77}},"line":43},"2":{"name":"(anonymous_2)","decl":{"start":{"line":46,"column":2},"end":{"line":46,"column":3}},"loc":{"start":{"line":46,"column":54},"end":{"line":58,"column":3}},"line":46},"3":{"name":"(anonymous_3)","decl":{"start":{"line":63,"column":64},"end":{"line":63,"column":65}},"loc":{"start":{"line":63,"column":97},"end":{"line":184,"column":1}},"line":63},"4":{"name":"(anonymous_4)","decl":{"start":{"line":70,"column":26},"end":{"line":70,"column":27}},"loc":{"start":{"line":70,"column":32},"end":{"line":73,"column":3}},"line":70},"5":{"name":"(anonymous_5)","decl":{"start":{"line":75,"column":27},"end":{"line":75,"column":28}},"loc":{"start":{"line":75,"column":33},"end":{"line":79,"column":3}},"line":75},"6":{"name":"(anonymous_6)","decl":{"start":{"line":81,"column":29},"end":{"line":81,"column":30}},"loc":{"start":{"line":81,"column":41},"end":{"line":108,"column":3}},"line":81},"7":{"name":"(anonymous_7)","decl":{"start":{"line":115,"column":20},"end":{"line":115,"column":21}},"loc":{"start":{"line":115,"column":27},"end":{"line":115,"column":60}},"line":115},"8":{"name":"(anonymous_8)","decl":{"start":{"line":145,"column":19},"end":{"line":145,"column":20}},"loc":{"start":{"line":145,"column":25},"end":{"line":145,"column":39}},"line":145},"9":{"name":"(anonymous_9)","decl":{"start":{"line":147,"column":43},"end":{"line":147,"column":44}},"loc":{"start":{"line":147,"column":49},"end":{"line":147,"column":63}},"line":147}},"branchMap":{"0":{"loc":{"start":{"line":42,"column":4},"end":{"line":42,"column":67}},"type":"if","locations":[{"start":{"line":42,"column":4},"end":{"line":42,"column":67}},{"start":{},"end":{}}],"line":42},"1":{"loc":{"start":{"line":42,"column":8},"end":{"line":42,"column":52}},"type":"binary-expr","locations":[{"start":{"line":42,"column":8},"end":{"line":42,"column":23}},{"start":{"line":42,"column":27},"end":{"line":42,"column":52}}],"line":42},"2":{"loc":{"start":{"line":49,"column":4},"end":{"line":55,"column":5}},"type":"if","locations":[{"start":{"line":49,"column":4},"end":{"line":55,"column":5}},{"start":{"line":51,"column":11},"end":{"line":55,"column":5}}],"line":49},"3":{"loc":{"start":{"line":51,"column":11},"end":{"line":55,"column":5}},"type":"if","locations":[{"start":{"line":51,"column":11},"end":{"line":55,"column":5}},{"start":{"line":53,"column":11},"end":{"line":55,"column":5}}],"line":51},"4":{"loc":{"start":{"line":53,"column":11},"end":{"line":55,"column":5}},"type":"if","locations":[{"start":{"line":53,"column":11},"end":{"line":55,"column":5}},{"start":{},"end":{}}],"line":53},"5":{"loc":{"start":{"line":64,"column":26},"end":{"line":64,"column":64}},"type":"binary-expr","locations":[{"start":{"line":64,"column":26},"end":{"line":64,"column":58}},{"start":{"line":64,"column":62},"end":{"line":64,"column":64}}],"line":64},"6":{"loc":{"start":{"line":84,"column":4},"end":{"line":87,"column":5}},"type":"if","locations":[{"start":{"line":84,"column":4},"end":{"line":87,"column":5}},{"start":{},"end":{}}],"line":84},"7":{"loc":{"start":{"line":89,"column":4},"end":{"line":93,"column":5}},"type":"if","locations":[{"start":{"line":89,"column":4},"end":{"line":93,"column":5}},{"start":{},"end":{}}],"line":89},"8":{"loc":{"start":{"line":89,"column":8},"end":{"line":89,"column":84}},"type":"binary-expr","locations":[{"start":{"line":89,"column":8},"end":{"line":89,"column":23}},{"start":{"line":89,"column":27},"end":{"line":89,"column":84}}],"line":89},"9":{"loc":{"start":{"line":110,"column":2},"end":{"line":153,"column":3}},"type":"if","locations":[{"start":{"line":110,"column":2},"end":{"line":153,"column":3}},{"start":{},"end":{}}],"line":110},"10":{"loc":{"start":{"line":130,"column":11},"end":{"line":130,"column":62}},"type":"cond-expr","locations":[{"start":{"line":130,"column":21},"end":{"line":130,"column":51}},{"start":{"line":130,"column":54},"end":{"line":130,"column":62}}],"line":130},"11":{"loc":{"start":{"line":157,"column":7},"end":{"line":173,"column":7}},"type":"cond-expr","locations":[{"start":{"line":158,"column":8},"end":{"line":168,"column":10}},{"start":{"line":170,"column":8},"end":{"line":172,"column":21}}],"line":157}},"s":{"0":1,"1":0,"2":0,"3":0,"4":0,"5":0,"6":0,"7":0,"8":0,"9":0,"10":0,"11":0,"12":0,"13":1,"14":1,"15":21,"16":21,"17":21,"18":21,"19":21,"20":21,"21":7,"22":7,"23":21,"24":0,"25":0,"26":0,"27":21,"28":0,"29":0,"30":0,"31":0,"32":0,"33":0,"34":0,"35":0,"36":0,"37":0,"38":0,"39":0,"40":0,"41":0,"42":0,"43":0,"44":0,"45":0,"46":21,"47":12,"48":5,"49":0,"50":0,"51":9},"f":{"0":0,"1":0,"2":0,"3":21,"4":7,"5":0,"6":0,"7":5,"8":0,"9":0},"b":{"0":[0,0],"1":[0,0],"2":[0,0],"3":[0,0],"4":[0,0],"5":[21,1],"6":[0,0],"7":[0,0],"8":[0,0],"9":[12,9],"10":[0,12],"11":[8,1]},"_coverageSchema":"1a1c01bbd47fc00a2c39e90264f33305004495a9","hash":"bf6f9d935cb1b6df1a2f1f329fd9a902c9b67a7f"}
,"/home/quangman/EBAY/ebay-manager-enhance-order-page/frontend/src/config/OrderTableColumns.tsx": {"path":"/home/quangman/EBAY/ebay-manager-enhance-order-page/frontend/src/config/OrderTableColumns.tsx","statementMap":{"0":{"start":{"line":9,"column":23},"end":{"line":17,"column":1}},"1":{"start":{"line":10,"column":2},"end":{"line":16,"column":3}},"2":{"start":{"line":11,"column":20},"end":{"line":11,"column":37}},"3":{"start":{"line":12,"column":23},"end":{"line":12,"column":37}},"4":{"start":{"line":13,"column":20},"end":{"line":13,"column":39}},"5":{"start":{"line":14,"column":22},"end":{"line":14,"column":39}},"6":{"start":{"line":15,"column":13},"end":{"line":15,"column":30}},"7":{"start":{"line":19,"column":27},"end":{"line":27,"column":1}},"8":{"start":{"line":20,"column":2},"end":{"line":20,"column":30}},"9":{"start":{"line":20,"column":19},"end":{"line":20,"column":30}},"10":{"start":{"line":21,"column":17},"end":{"line":21,"column":37}},"11":{"start":{"line":22,"column":16},"end":{"line":22,"column":26}},"12":{"start":{"line":23,"column":2},"end":{"line":23,"column":29}},"13":{"start":{"line":24,"column":19},"end":{"line":24,"column":53}},"14":{"start":{"line":25,"column":19},"end":{"line":25,"column":62}},"15":{"start":{"line":26,"column":2},"end":{"line":26,"column":18}},"16":{"start":{"line":29,"column":24},"end":{"line":38,"column":1}},"17":{"start":{"line":30,"column":19},"end":{"line":30,"column":49}},"18":{"start":{"line":32,"column":2},"end":{"line":36,"column":3}},"19":{"start":{"line":33,"column":4},"end":{"line":33,"column":68}},"20":{"start":{"line":34,"column":9},"end":{"line":36,"column":3}},"21":{"start":{"line":35,"column":4},"end":{"line":35,"column":72}},"22":{"start":{"line":37,"column":2},"end":{"line":37,"column":67}},"23":{"start":{"line":40,"column":34},"end":{"line":264,"column":1}},"24":{"start":{"line":43,"column":19},"end":{"line":264,"column":1}},"25":{"start":{"line":48,"column":29},"end":{"line":48,"column":85}},"26":{"start":{"line":50,"column":6},"end":{"line":52,"column":19}},"27":{"start":{"line":59,"column":29},"end":{"line":59,"column":71}},"28":{"start":{"line":61,"column":6},"end":{"line":63,"column":19}},"29":{"start":{"line":71,"column":18},"end":{"line":71,"column":36}},"30":{"start":{"line":72,"column":19},"end":{"line":72,"column":42}},"31":{"start":{"line":73,"column":23},"end":{"line":73,"column":50}},"32":{"start":{"line":74,"column":20},"end":{"line":74,"column":46}},"33":{"start":{"line":75,"column":20},"end":{"line":75,"column":50}},"34":{"start":{"line":76,"column":19},"end":{"line":76,"column":44}},"35":{"start":{"line":77,"column":20},"end":{"line":77,"column":46}},"36":{"start":{"line":78,"column":18},"end":{"line":78,"column":42}},"37":{"start":{"line":80,"column":6},"end":{"line":123,"column":8}},"38":{"start":{"line":130,"column":29},"end":{"line":130,"column":70}},"39":{"start":{"line":132,"column":6},"end":{"line":134,"column":19}},"40":{"start":{"line":142,"column":24},"end":{"line":142,"column":69}},"41":{"start":{"line":143,"column":23},"end":{"line":143,"column":60}},"42":{"start":{"line":145,"column":6},"end":{"line":147,"column":7}},"43":{"start":{"line":146,"column":8},"end":{"line":146,"column":34}},"44":{"start":{"line":148,"column":6},"end":{"line":148,"column":30}},"45":{"start":{"line":151,"column":6},"end":{"line":153,"column":19}},"46":{"start":{"line":161,"column":19},"end":{"line":161,"column":50}},"47":{"start":{"line":162,"column":6},"end":{"line":162,"column":30}},"48":{"start":{"line":162,"column":17},"end":{"line":162,"column":30}},"49":{"start":{"line":163,"column":16},"end":{"line":163,"column":30}},"50":{"start":{"line":164,"column":6},"end":{"line":164,"column":108}},"51":{"start":{"line":167,"column":6},"end":{"line":169,"column":19}},"52":{"start":{"line":177,"column":19},"end":{"line":177,"column":53}},"53":{"start":{"line":178,"column":6},"end":{"line":178,"column":30}},"54":{"start":{"line":178,"column":17},"end":{"line":178,"column":30}},"55":{"start":{"line":179,"column":16},"end":{"line":179,"column":30}},"56":{"start":{"line":180,"column":6},"end":{"line":180,"column":108}},"57":{"start":{"line":183,"column":22},"end":{"line":183,"column":56}},"58":{"start":{"line":184,"column":6},"end":{"line":184,"column":98}},"59":{"start":{"line":184,"column":20},"end":{"line":184,"column":98}},"60":{"start":{"line":186,"column":21},"end":{"line":186,"column":45}},"61":{"start":{"line":187,"column":28},"end":{"line":187,"column":39}},"62":{"start":{"line":189,"column":6},"end":{"line":203,"column":8}},"63":{"start":{"line":210,"column":29},"end":{"line":210,"column":104}},"64":{"start":{"line":212,"column":6},"end":{"line":214,"column":19}},"65":{"start":{"line":222,"column":6},"end":{"line":229,"column":7}},"66":{"start":{"line":223,"column":8},"end":{"line":228,"column":10}},"67":{"start":{"line":231,"column":21},"end":{"line":231,"column":65}},"68":{"start":{"line":232,"column":6},"end":{"line":239,"column":8}},"69":{"start":{"line":247,"column":6},"end":{"line":254,"column":7}},"70":{"start":{"line":248,"column":8},"end":{"line":253,"column":10}},"71":{"start":{"line":256,"column":29},"end":{"line":256,"column":66}},"72":{"start":{"line":257,"column":6},"end":{"line":261,"column":8}},"73":{"start":{"line":266,"column":28},"end":{"line":266,"column":48}}},"fnMap":{"0":{"name":"(anonymous_0)","decl":{"start":{"line":9,"column":23},"end":{"line":9,"column":24}},"loc":{"start":{"line":9,"column":44},"end":{"line":17,"column":1}},"line":9},"1":{"name":"(anonymous_1)","decl":{"start":{"line":19,"column":27},"end":{"line":19,"column":28}},"loc":{"start":{"line":19,"column":59},"end":{"line":27,"column":1}},"line":19},"2":{"name":"(anonymous_2)","decl":{"start":{"line":29,"column":24},"end":{"line":29,"column":25}},"loc":{"start":{"line":29,"column":48},"end":{"line":38,"column":1}},"line":29},"3":{"name":"(anonymous_3)","decl":{"start":{"line":40,"column":34},"end":{"line":40,"column":35}},"loc":{"start":{"line":43,"column":19},"end":{"line":264,"column":1}},"line":43},"4":{"name":"(anonymous_4)","decl":{"start":{"line":48,"column":17},"end":{"line":48,"column":18}},"loc":{"start":{"line":48,"column":29},"end":{"line":48,"column":85}},"line":48},"5":{"name":"(anonymous_5)","decl":{"start":{"line":49,"column":16},"end":{"line":49,"column":17}},"loc":{"start":{"line":50,"column":6},"end":{"line":52,"column":19}},"line":50},"6":{"name":"(anonymous_6)","decl":{"start":{"line":59,"column":17},"end":{"line":59,"column":18}},"loc":{"start":{"line":59,"column":29},"end":{"line":59,"column":71}},"line":59},"7":{"name":"(anonymous_7)","decl":{"start":{"line":60,"column":16},"end":{"line":60,"column":17}},"loc":{"start":{"line":61,"column":6},"end":{"line":63,"column":19}},"line":61},"8":{"name":"(anonymous_8)","decl":{"start":{"line":70,"column":16},"end":{"line":70,"column":17}},"loc":{"start":{"line":70,"column":28},"end":{"line":124,"column":5}},"line":70},"9":{"name":"(anonymous_9)","decl":{"start":{"line":130,"column":17},"end":{"line":130,"column":18}},"loc":{"start":{"line":130,"column":29},"end":{"line":130,"column":70}},"line":130},"10":{"name":"(anonymous_10)","decl":{"start":{"line":131,"column":16},"end":{"line":131,"column":17}},"loc":{"start":{"line":132,"column":6},"end":{"line":134,"column":19}},"line":132},"11":{"name":"(anonymous_11)","decl":{"start":{"line":141,"column":17},"end":{"line":141,"column":18}},"loc":{"start":{"line":141,"column":29},"end":{"line":149,"column":5}},"line":141},"12":{"name":"(anonymous_12)","decl":{"start":{"line":150,"column":16},"end":{"line":150,"column":17}},"loc":{"start":{"line":151,"column":6},"end":{"line":153,"column":19}},"line":151},"13":{"name":"(anonymous_13)","decl":{"start":{"line":160,"column":17},"end":{"line":160,"column":18}},"loc":{"start":{"line":160,"column":29},"end":{"line":165,"column":5}},"line":160},"14":{"name":"(anonymous_14)","decl":{"start":{"line":166,"column":16},"end":{"line":166,"column":17}},"loc":{"start":{"line":167,"column":6},"end":{"line":169,"column":19}},"line":167},"15":{"name":"(anonymous_15)","decl":{"start":{"line":176,"column":17},"end":{"line":176,"column":18}},"loc":{"start":{"line":176,"column":29},"end":{"line":181,"column":5}},"line":176},"16":{"name":"(anonymous_16)","decl":{"start":{"line":182,"column":16},"end":{"line":182,"column":17}},"loc":{"start":{"line":182,"column":28},"end":{"line":204,"column":5}},"line":182},"17":{"name":"(anonymous_17)","decl":{"start":{"line":210,"column":17},"end":{"line":210,"column":18}},"loc":{"start":{"line":210,"column":29},"end":{"line":210,"column":104}},"line":210},"18":{"name":"(anonymous_18)","decl":{"start":{"line":211,"column":16},"end":{"line":211,"column":17}},"loc":{"start":{"line":212,"column":6},"end":{"line":214,"column":19}},"line":212},"19":{"name":"(anonymous_19)","decl":{"start":{"line":221,"column":16},"end":{"line":221,"column":17}},"loc":{"start":{"line":221,"column":28},"end":{"line":240,"column":5}},"line":221},"20":{"name":"(anonymous_20)","decl":{"start":{"line":246,"column":16},"end":{"line":246,"column":17}},"loc":{"start":{"line":246,"column":28},"end":{"line":262,"column":5}},"line":246}},"branchMap":{"0":{"loc":{"start":{"line":10,"column":2},"end":{"line":16,"column":3}},"type":"switch","locations":[{"start":{"line":11,"column":4},"end":{"line":11,"column":37}},{"start":{"line":12,"column":4},"end":{"line":12,"column":37}},{"start":{"line":13,"column":4},"end":{"line":13,"column":39}},{"start":{"line":14,"column":4},"end":{"line":14,"column":39}},{"start":{"line":15,"column":4},"end":{"line":15,"column":30}}],"line":10},"1":{"loc":{"start":{"line":20,"column":2},"end":{"line":20,"column":30}},"type":"if","locations":[{"start":{"line":20,"column":2},"end":{"line":20,"column":30}},{"start":{},"end":{}}],"line":20},"2":{"loc":{"start":{"line":32,"column":2},"end":{"line":36,"column":3}},"type":"if","locations":[{"start":{"line":32,"column":2},"end":{"line":36,"column":3}},{"start":{"line":34,"column":9},"end":{"line":36,"column":3}}],"line":32},"3":{"loc":{"start":{"line":34,"column":9},"end":{"line":36,"column":3}},"type":"if","locations":[{"start":{"line":34,"column":9},"end":{"line":36,"column":3}},{"start":{},"end":{}}],"line":34},"4":{"loc":{"start":{"line":48,"column":29},"end":{"line":48,"column":85}},"type":"binary-expr","locations":[{"start":{"line":48,"column":29},"end":{"line":48,"column":63}},{"start":{"line":48,"column":67},"end":{"line":48,"column":85}}],"line":48},"5":{"loc":{"start":{"line":59,"column":29},"end":{"line":59,"column":71}},"type":"binary-expr","locations":[{"start":{"line":59,"column":29},"end":{"line":59,"column":62}},{"start":{"line":59,"column":66},"end":{"line":59,"column":71}}],"line":59},"6":{"loc":{"start":{"line":72,"column":19},"end":{"line":72,"column":42}},"type":"binary-expr","locations":[{"start":{"line":72,"column":19},"end":{"line":72,"column":36}},{"start":{"line":72,"column":40},"end":{"line":72,"column":42}}],"line":72},"7":{"loc":{"start":{"line":73,"column":23},"end":{"line":73,"column":50}},"type":"binary-expr","locations":[{"start":{"line":73,"column":23},"end":{"line":73,"column":44}},{"start":{"line":73,"column":48},"end":{"line":73,"column":50}}],"line":73},"8":{"loc":{"start":{"line":74,"column":20},"end":{"line":74,"column":46}},"type":"binary-expr","locations":[{"start":{"line":74,"column":20},"end":{"line":74,"column":40}},{"start":{"line":74,"column":44},"end":{"line":74,"column":46}}],"line":74},"9":{"loc":{"start":{"line":75,"column":20},"end":{"line":75,"column":50}},"type":"binary-expr","locations":[{"start":{"line":75,"column":20},"end":{"line":75,"column":44}},{"start":{"line":75,"column":48},"end":{"line":75,"column":50}}],"line":75},"10":{"loc":{"start":{"line":76,"column":19},"end":{"line":76,"column":44}},"type":"binary-expr","locations":[{"start":{"line":76,"column":19},"end":{"line":76,"column":38}},{"start":{"line":76,"column":42},"end":{"line":76,"column":44}}],"line":76},"11":{"loc":{"start":{"line":77,"column":20},"end":{"line":77,"column":46}},"type":"binary-expr","locations":[{"start":{"line":77,"column":20},"end":{"line":77,"column":40}},{"start":{"line":77,"column":44},"end":{"line":77,"column":46}}],"line":77},"12":{"loc":{"start":{"line":78,"column":18},"end":{"line":78,"column":42}},"type":"binary-expr","locations":[{"start":{"line":78,"column":18},"end":{"line":78,"column":36}},{"start":{"line":78,"column":40},"end":{"line":78,"column":42}}],"line":78},"13":{"loc":{"start":{"line":82,"column":11},"end":{"line":89,"column":11}},"type":"binary-expr","locations":[{"start":{"line":82,"column":11},"end":{"line":82,"column":19}},{"start":{"line":83,"column":12},"end":{"line":88,"column":18}}],"line":82},"14":{"loc":{"start":{"line":90,"column":11},"end":{"line":97,"column":11}},"type":"binary-expr","locations":[{"start":{"line":90,"column":11},"end":{"line":90,"column":15}},{"start":{"line":91,"column":12},"end":{"line":96,"column":18}}],"line":90},"15":{"loc":{"start":{"line":98,"column":11},"end":{"line":105,"column":11}},"type":"binary-expr","locations":[{"start":{"line":98,"column":11},"end":{"line":98,"column":16}},{"start":{"line":99,"column":12},"end":{"line":104,"column":18}}],"line":98},"16":{"loc":{"start":{"line":106,"column":11},"end":{"line":113,"column":11}},"type":"binary-expr","locations":[{"start":{"line":106,"column":12},"end":{"line":106,"column":16}},{"start":{"line":106,"column":20},"end":{"line":106,"column":25}},{"start":{"line":106,"column":29},"end":{"line":106,"column":32}},{"start":{"line":107,"column":12},"end":{"line":112,"column":18}}],"line":106},"17":{"loc":{"start":{"line":114,"column":11},"end":{"line":121,"column":11}},"type":"binary-expr","locations":[{"start":{"line":114,"column":11},"end":{"line":114,"column":16}},{"start":{"line":115,"column":12},"end":{"line":120,"column":18}}],"line":114},"18":{"loc":{"start":{"line":130,"column":29},"end":{"line":130,"column":70}},"type":"binary-expr","locations":[{"start":{"line":130,"column":29},"end":{"line":130,"column":61}},{"start":{"line":130,"column":65},"end":{"line":130,"column":70}}],"line":130},"19":{"loc":{"start":{"line":142,"column":24},"end":{"line":142,"column":69}},"type":"binary-expr","locations":[{"start":{"line":142,"column":24},"end":{"line":142,"column":63}},{"start":{"line":142,"column":67},"end":{"line":142,"column":69}}],"line":142},"20":{"loc":{"start":{"line":143,"column":23},"end":{"line":143,"column":60}},"type":"binary-expr","locations":[{"start":{"line":143,"column":23},"end":{"line":143,"column":53}},{"start":{"line":143,"column":57},"end":{"line":143,"column":60}}],"line":143},"21":{"loc":{"start":{"line":145,"column":6},"end":{"line":147,"column":7}},"type":"if","locations":[{"start":{"line":145,"column":6},"end":{"line":147,"column":7}},{"start":{},"end":{}}],"line":145},"22":{"loc":{"start":{"line":145,"column":10},"end":{"line":145,"column":44}},"type":"binary-expr","locations":[{"start":{"line":145,"column":10},"end":{"line":145,"column":26}},{"start":{"line":145,"column":30},"end":{"line":145,"column":44}}],"line":145},"23":{"loc":{"start":{"line":148,"column":13},"end":{"line":148,"column":29}},"type":"binary-expr","locations":[{"start":{"line":148,"column":13},"end":{"line":148,"column":22}},{"start":{"line":148,"column":26},"end":{"line":148,"column":29}}],"line":148},"24":{"loc":{"start":{"line":162,"column":6},"end":{"line":162,"column":30}},"type":"if","locations":[{"start":{"line":162,"column":6},"end":{"line":162,"column":30}},{"start":{},"end":{}}],"line":162},"25":{"loc":{"start":{"line":178,"column":6},"end":{"line":178,"column":30}},"type":"if","locations":[{"start":{"line":178,"column":6},"end":{"line":178,"column":30}},{"start":{},"end":{}}],"line":178},"26":{"loc":{"start":{"line":184,"column":6},"end":{"line":184,"column":98}},"type":"if","locations":[{"start":{"line":184,"column":6},"end":{"line":184,"column":98}},{"start":{},"end":{}}],"line":184},"27":{"loc":{"start":{"line":191,"column":11},"end":{"line":191,"column":101}},"type":"binary-expr","locations":[{"start":{"line":191,"column":11},"end":{"line":191,"column":24}},{"start":{"line":191,"column":28},"end":{"line":191,"column":101}}],"line":191},"28":{"loc":{"start":{"line":196,"column":26},"end":{"line":196,"column":58}},"type":"cond-expr","locations":[{"start":{"line":196,"column":41},"end":{"line":196,"column":47}},{"start":{"line":196,"column":50},"end":{"line":196,"column":58}}],"line":196},"29":{"loc":{"start":{"line":210,"column":29},"end":{"line":210,"column":104}},"type":"binary-expr","locations":[{"start":{"line":210,"column":29},"end":{"line":210,"column":59}},{"start":{"line":210,"column":63},"end":{"line":210,"column":96}},{"start":{"line":210,"column":100},"end":{"line":210,"column":104}}],"line":210},"30":{"loc":{"start":{"line":222,"column":6},"end":{"line":229,"column":7}},"type":"if","locations":[{"start":{"line":222,"column":6},"end":{"line":229,"column":7}},{"start":{},"end":{}}],"line":222},"31":{"loc":{"start":{"line":231,"column":21},"end":{"line":231,"column":65}},"type":"binary-expr","locations":[{"start":{"line":231,"column":21},"end":{"line":231,"column":52}},{"start":{"line":231,"column":56},"end":{"line":231,"column":65}}],"line":231},"32":{"loc":{"start":{"line":247,"column":6},"end":{"line":254,"column":7}},"type":"if","locations":[{"start":{"line":247,"column":6},"end":{"line":254,"column":7}},{"start":{},"end":{}}],"line":247},"33":{"loc":{"start":{"line":259,"column":11},"end":{"line":259,"column":42}},"type":"binary-expr","locations":[{"start":{"line":259,"column":11},"end":{"line":259,"column":25}},{"start":{"line":259,"column":29},"end":{"line":259,"column":42}}],"line":259}},"s":{"0":0,"1":0,"2":0,"3":0,"4":0,"5":0,"6":0,"7":0,"8":0,"9":0,"10":0,"11":0,"12":0,"13":0,"14":0,"15":0,"16":0,"17":0,"18":0,"19":0,"20":0,"21":0,"22":0,"23":0,"24":0,"25":0,"26":0,"27":0,"28":0,"29":0,"30":0,"31":0,"32":0,"33":0,"34":0,"35":0,"36":0,"37":0,"38":0,"39":0,"40":0,"41":0,"42":0,"43":0,"44":0,"45":0,"46":0,"47":0,"48":0,"49":0,"50":0,"51":0,"52":0,"53":0,"54":0,"55":0,"56":0,"57":0,"58":0,"59":0,"60":0,"61":0,"62":0,"63":0,"64":0,"65":0,"66":0,"67":0,"68":0,"69":0,"70":0,"71":0,"72":0,"73":0},"f":{"0":0,"1":0,"2
[...]
ne":109,"column":7}},"line":99},"12":{"name":"(anonymous_12)","decl":{"start":{"line":99,"column":21},"end":{"line":99,"column":22}},"loc":{"start":{"line":100,"column":8},"end":{"line":108,"column":17}},"line":100},"13":{"name":"(anonymous_13)","decl":{"start":{"line":113,"column":28},"end":{"line":113,"column":29}},"loc":{"start":{"line":113,"column":69},"end":{"line":125,"column":3}},"line":113},"14":{"name":"(anonymous_14)","decl":{"start":{"line":114,"column":14},"end":{"line":114,"column":15}},"loc":{"start":{"line":115,"column":6},"end":{"line":119,"column":7}},"line":115},"15":{"name":"(anonymous_15)","decl":{"start":{"line":115,"column":21},"end":{"line":115,"column":22}},"loc":{"start":{"line":116,"column":8},"end":{"line":118,"column":17}},"line":116},"16":{"name":"(anonymous_16)","decl":{"start":{"line":140,"column":24},"end":{"line":140,"column":25}},"loc":{"start":{"line":140,"column":31},"end":{"line":140,"column":80}},"line":140},"17":{"name":"(anonymous_17)","decl":{"start":{"line":142,"column":28},"end":{"line":142,"column":29}},"loc":{"start":{"line":143,"column":16},"end":{"line":145,"column":27}},"line":143},"18":{"name":"(anonymous_18)","decl":{"start":{"line":155,"column":24},"end":{"line":155,"column":25}},"loc":{"start":{"line":155,"column":31},"end":{"line":155,"column":62}},"line":155}},"branchMap":{"0":{"loc":{"start":{"line":33,"column":4},"end":{"line":35,"column":5}},"type":"if","locations":[{"start":{"line":33,"column":4},"end":{"line":35,"column":5}},{"start":{},"end":{}}],"line":33},"1":{"loc":{"start":{"line":42,"column":6},"end":{"line":44,"column":7}},"type":"if","locations":[{"start":{"line":42,"column":6},"end":{"line":44,"column":7}},{"start":{},"end":{}}],"line":42},"2":{"loc":{"start":{"line":51,"column":4},"end":{"line":51,"column":33}},"type":"if","locations":[{"start":{"line":51,"column":4},"end":{"line":51,"column":33}},{"start":{},"end":{}}],"line":51},"3":{"loc":{"start":{"line":57,"column":8},"end":{"line":57,"column":33}},"type":"binary-expr","locations":[{"start":{"line":57,"column":8},"end":{"line":57,"column":20}},{"start":{"line":57,"column":24},"end":{"line":57,"column":33}}],"line":57},"4":{"loc":{"start":{"line":80,"column":8},"end":{"line":92,"column":17}},"type":"cond-expr","locations":[{"start":{"line":81,"column":12},"end":{"line":91,"column":13}},{"start":{"line":92,"column":12},"end":{"line":92,"column":17}}],"line":80},"5":{"loc":{"start":{"line":85,"column":20},"end":{"line":85,"column":47}},"type":"binary-expr","locations":[{"start":{"line":85,"column":20},"end":{"line":85,"column":42}},{"start":{"line":85,"column":46},"end":{"line":85,"column":47}}],"line":85},"6":{"loc":{"start":{"line":100,"column":8},"end":{"line":108,"column":17}},"type":"cond-expr","locations":[{"start":{"line":101,"column":12},"end":{"line":107,"column":13}},{"start":{"line":108,"column":12},"end":{"line":108,"column":17}}],"line":100},"7":{"loc":{"start":{"line":116,"column":8},"end":{"line":118,"column":17}},"type":"cond-expr","locations":[{"start":{"line":117,"column":12},"end":{"line":117,"column":31}},{"start":{"line":118,"column":12},"end":{"line":118,"column":17}}],"line":116},"8":{"loc":{"start":{"line":122,"column":4},"end":{"line":124,"column":5}},"type":"if","locations":[{"start":{"line":122,"column":4},"end":{"line":124,"column":5}},{"start":{},"end":{}}],"line":122},"9":{"loc":{"start":{"line":122,"column":8},"end":{"line":122,"column":53}},"type":"binary-expr","locations":[{"start":{"line":122,"column":8},"end":{"line":122,"column":21}},{"start":{"line":122,"column":25},"end":{"line":122,"column":53}}],"line":122}},"s":{"0":0,"1":0,"2":0,"3":0,"4":0,"5":0,"6":0,"7":0,"8":0,"9":0,"10":0,"11":0,"12":0,"13":0,"14":0,"15":0,"16":0,"17":0,"18":0,"19":0,"20":0,"21":0,"22":0,"23":0,"24":0,"25":0,"26":0,"27":0,"28":0,"29":0,"30":0,"31":0,"32":0,"33":0,"34":0,"35":0,"36":0,"37":0,"38":0,"39":0,"40":0,"41":0,"42":0,"43":0,"44":0,"45":0,"46":0,"47":0,"48":0,"49":0,"50":0,"51":0,"52":0},"f":{"0":0,"1":0,"2":0,"3":0,"4":0,"5":0,"6":0,"7":0,"8":0,"9":0,"10":0,"11":0,"12":0,"13":0,"14":0,"15":0,"16":0,"17":0,"18":0},"b":{"0":[0,0],"1":[0,0],"2":[0,0],"3":[0,0],"4":[0,0],"5":[0,0],"6":[0,0],"7":[0,0],"8":[0,0],"9":[0,0]}}
,"/home/quangman/EBAY/ebay-manager-enhance-order-page/frontend/src/services/OrderDataService.ts": {"path":"/home/quangman/EBAY/ebay-manager-enhance-order-page/frontend/src/services/OrderDataService.ts","statementMap":{"0":{"start":{"line":13,"column":4},"end":{"line":18,"column":5}},"1":{"start":{"line":14,"column":6},"end":{"line":14,"column":58}},"2":{"start":{"line":16,"column":6},"end":{"line":16,"column":54}},"3":{"start":{"line":17,"column":6},"end":{"line":17,"column":18}},"4":{"start":{"line":22,"column":4},"end":{"line":27,"column":5}},"5":{"start":{"line":23,"column":6},"end":{"line":23,"column":57}},"6":{"start":{"line":25,"column":6},"end":{"line":25,"column":61}},"7":{"start":{"line":26,"column":6},"end":{"line":26,"column":18}},"8":{"start":{"line":31,"column":4},"end":{"line":36,"column":5}},"9":{"start":{"line":32,"column":6},"end":{"line":32,"column":68}},"10":{"start":{"line":34,"column":6},"end":{"line":34,"column":64}},"11":{"start":{"line":35,"column":6},"end":{"line":35,"column":18}},"12":{"start":{"line":40,"column":4},"end":{"line":45,"column":5}},"13":{"start":{"line":41,"column":6},"end":{"line":41,"column":57}},"14":{"start":{"line":43,"column":6},"end":{"line":43,"column":56}},"15":{"start":{"line":44,"column":6},"end":{"line":44,"column":18}}},"fnMap":{"0":{"name":"(anonymous_0)","decl":{"start":{"line":12,"column":2},"end":{"line":12,"column":3}},"loc":{"start":{"line":12,"column":74},"end":{"line":19,"column":3}},"line":12},"1":{"name":"(anonymous_1)","decl":{"start":{"line":21,"column":2},"end":{"line":21,"column":3}},"loc":{"start":{"line":21,"column":74},"end":{"line":28,"column":3}},"line":21},"2":{"name":"(anonymous_2)","decl":{"start":{"line":30,"column":2},"end":{"line":30,"column":3}},"loc":{"start":{"line":30,"column":85},"end":{"line":37,"column":3}},"line":30},"3":{"name":"(anonymous_3)","decl":{"start":{"line":39,"column":2},"end":{"line":39,"column":3}},"loc":{"start":{"line":39,"column":72},"end":{"line":46,"column":3}},"line":39}},"branchMap":{},"s":{"0":0,"1":0,"2":0,"3":0,"4":0,"5":0,"6":0,"7":0,"8":0,"9":0,"10":0,"11":0,"12":0,"13":0,"14":0,"15":0},"f":{"0":0,"1":0,"2":0,"3":0},"b":{}}
,"/home/quangman/EBAY/ebay-manager-enhance-order-page/frontend/src/services/api.ts": {"path":"/home/quangman/EBAY/ebay-manager-enhance-order-page/frontend/src/services/api.ts","statementMap":{"0":{"start":{"line":4,"column":21},"end":{"line":4,"column":77}},"1":{"start":{"line":6,"column":12},"end":{"line":8,"column":2}},"2":{"start":{"line":11,"column":0},"end":{"line":17,"column":3}},"3":{"start":{"line":12,"column":16},"end":{"line":12,"column":45}},"4":{"start":{"line":13,"column":2},"end":{"line":15,"column":3}},"5":{"start":{"line":14,"column":4},"end":{"line":14,"column":53}},"6":{"start":{"line":16,"column":2},"end":{"line":16,"column":16}},"7":{"start":{"line":20,"column":0},"end":{"line":29,"column":2}},"8":{"start":{"line":21,"column":16},"end":{"line":21,"column":24}},"9":{"start":{"line":23,"column":4},"end":{"line":26,"column":5}},"10":{"start":{"line":24,"column":6},"end":{"line":24,"column":39}},"11":{"start":{"line":25,"column":6},"end":{"line":25,"column":38}},"12":{"start":{"line":27,"column":4},"end":{"line":27,"column":33}},"13":{"start":{"line":31,"column":23},"end":{"line":45,"column":1}},"14":{"start":{"line":33,"column":21},"end":{"line":33,"column":35}},"15":{"start":{"line":34,"column":4},"end":{"line":34,"column":42}},"16":{"start":{"line":35,"column":4},"end":{"line":35,"column":42}},"17":{"start":{"line":37,"column":21},"end":{"line":37,"column":55}},"18":{"start":{"line":38,"column":4},"end":{"line":38,"column":25}},"19":{"start":{"line":42,"column":21},"end":{"line":42,"column":41}},"20":{"start":{"line":43,"column":4},"end":{"line":43,"column":25}},"21":{"start":{"line":47,"column":27},"end":{"line":57,"column":1}},"22":{"start":{"line":49,"column":21},"end":{"line":49,"column":47}},"23":{"start":{"line":50,"column":4},"end":{"line":50,"column":25}},"24":{"start":{"line":54,"column":21},"end":{"line":54,"column":57}},"25":{"start":{"line":55,"column":4},"end":{"line":55,"column":25}},"26":{"start":{"line":59,"column":25},"end":{"line":81,"column":1}},"27":{"start":{"line":61,"column":40},"end":{"line":61,"column":42}},"28":{"start":{"line":62,"column":4},"end":{"line":62,"column":49}},"29":{"start":{"line":62,"column":19},"end":{"line":62,"column":49}},"30":{"start":{"line":63,"column":4},"end":{"line":63,"column":39}},"31":{"start":{"line":63,"column":16},"end":{"line":63,"column":39}},"32":{"start":{"line":65,"column":21},"end":{"line":65,"column":57}},"33":{"start":{"line":66,"column":4},"end":{"line":66,"column":25}},"34":{"start":{"line":70,"column":4},"end":{"line":70,"column":59}},"35":{"start":{"line":74,"column":4},"end":{"line":74,"column":86}},"36":{"start":{"line":78,"column":21},"end":{"line":78,"column":73}},"37":{"start":{"line":79,"column":4},"end":{"line":79,"column":25}},"38":{"start":{"line":83,"column":27},"end":{"line":91,"column":1}},"39":{"start":{"line":85,"column":40},"end":{"line":85,"column":42}},"40":{"start":{"line":86,"column":4},"end":{"line":86,"column":49}},"41":{"start":{"line":86,"column":19},"end":{"line":86,"column":49}},"42":{"start":{"line":88,"column":21},"end":{"line":88,"column":59}},"43":{"start":{"line":89,"column":4},"end":{"line":89,"column":25}},"44":{"start":{"line":93,"column":22},"end":{"line":107,"column":1}},"45":{"start":{"line":95,"column":21},"end":{"line":95,"column":35}},"46":{"start":{"line":96,"column":4},"end":{"line":96,"column":34}},"47":{"start":{"line":97,"column":4},"end":{"line":97,"column":56}},"48":{"start":{"line":98,"column":4},"end":{"line":98,"column":43}},"49":{"start":{"line":100,"column":21},"end":{"line":104,"column":6}},"50":{"start":{"line":105,"column":4},"end":{"line":105,"column":25}},"51":{"start":{"line":109,"column":25},"end":{"line":116,"column":1}},"52":{"start":{"line":111,"column":21},"end":{"line":113,"column":6}},"53":{"start":{"line":114,"column":4},"end":{"line":114,"column":25}}},"fnMap":{"0":{"name":"(anonymous_0)","decl":{"start":{"line":11,"column":29},"end":{"line":11,"column":30}},"loc":{"start":{"line":11,"column":41},"end":{"line":17,"column":1}},"line":11},"1":{"name":"(anonymous_1)","decl":{"start":{"line":21,"column":2},"end":{"line":21,"column":3}},"loc":{"start":{"line":21,"column":16},"end":{"line":21,"column":24}},"line":21},"2":{"name":"(anonymous_2)","decl":{"start":{"line":22,"column":2},"end":{"line":22,"column":3}},"loc":{"start":{"line":22,"column":13},"end":{"line":28,"column":3}},"line":22},"3":{"name":"(anonymous_3)","decl":{"start":{"line":32,"column":9},"end":{"line":32,"column":10}},"loc":{"start":{"line":32,"column":79},"end":{"line":39,"column":3}},"line":32},"4":{"name":"(anonymous_4)","decl":{"start":{"line":41,"column":18},"end":{"line":41,"column":19}},"loc":{"start":{"line":41,"column":45},"end":{"line":44,"column":3}},"line":41},"5":{"name":"(anonymous_5)","decl":{"start":{"line":48,"column":15},"end":{"line":48,"column":16}},"loc":{"start":{"line":48,"column":47},"end":{"line":51,"column":3}},"line":48},"6":{"name":"(anonymous_6)","decl":{"start":{"line":53,"column":17},"end":{"line":53,"column":18}},"loc":{"start":{"line":53,"column":90},"end":{"line":56,"column":3}},"line":53},"7":{"name":"(anonymous_7)","decl":{"start":{"line":60,"column":13},"end":{"line":60,"column":14}},"loc":{"start":{"line":60,"column":78},"end":{"line":67,"column":3}},"line":60},"8":{"name":"(anonymous_8)","decl":{"start":{"line":69,"column":21},"end":{"line":69,"column":22}},"loc":{"start":{"line":69,"column":79},"end":{"line":71,"column":3}},"line":69},"9":{"name":"(anonymous_9)","decl":{"start":{"line":73,"column":24},"end":{"line":73,"column":25}},"loc":{"start":{"line":73,"column":90},"end":{"line":75,"column":3}},"line":73},"10":{"name":"(anonymous_10)","decl":{"start":{"line":77,"column":16},"end":{"line":77,"column":17}},"loc":{"start":{"line":77,"column":77},"end":{"line":80,"column":3}},"line":77},"11":{"name":"(anonymous_11)","decl":{"start":{"line":84,"column":15},"end":{"line":84,"column":16}},"loc":{"start":{"line":84,"column":65},"end":{"line":90,"column":3}},"line":84},"12":{"name":"(anonymous_12)","decl":{"start":{"line":94,"column":13},"end":{"line":94,"column":14}},"loc":{"start":{"line":94,"column":99},"end":{"line":106,"column":3}},"line":94},"13":{"name":"(anonymous_13)","decl":{"start":{"line":110,"column":16},"end":{"line":110,"column":17}},"loc":{"start":{"line":110,"column":57},"end":{"line":115,"column":3}},"line":110}},"branchMap":{"0":{"loc":{"start":{"line":4,"column":21},"end":{"line":4,"column":77}},"type":"binary-expr","locations":[{"start":{"line":4,"column":21},"end":{"line":4,"column":50}},{"start":{"line":4,"column":54},"end":{"line":4,"column":77}}],"line":4},"1":{"loc":{"start":{"line":13,"column":2},"end":{"line":15,"column":3}},"type":"if","locations":[{"start":{"line":13,"column":2},"end":{"line":15,"column":3}},{"start":{},"end":{}}],"line":13},"2":{"loc":{"start":{"line":23,"column":4},"end":{"line":26,"column":5}},"type":"if","locations":[{"start":{"line":23,"column":4},"end":{"line":26,"column":5}},{"start":{},"end":{}}],"line":23},"3":{"loc":{"start":{"line":62,"column":4},"end":{"line":62,"column":49}},"type":"if","locations":[{"start":{"line":62,"column":4},"end":{"line":62,"column":49}},{"start":{},"end":{}}],"line":62},"4":{"loc":{"start":{"line":63,"column":4},"end":{"line":63,"column":39}},"type":"if","locations":[{"start":{"line":63,"column":4},"end":{"line":63,"column":39}},{"start":{},"end":{}}],"line":63},"5":{"loc":{"start":{"line":86,"column":4},"end":{"line":86,"column":49}},"type":"if","locations":[{"start":{"line":86,"column":4},"end":{"line":86,"column":49}},{"start":{},"end":{}}],"line":86}},"s":{"0":0,"1":0,"2":0,"3":0,"4":0,"5":0,"6":0,"7":0,"8":0,"9":0,"10":0,"11":0,"12":0,"13":0,"14":0,"15":0,"16":0,"17":0,"18":0,"19":0,"20":0,"21":0,"22":0,"23":0,"24":0,"25":0,"26":0,"27":0,"28":0,"29":0,"30":0,"31":0,"32":0,"33":0,"34":0,"35":0,"36":0,"37":0,"38":0,"39":0,"40":0,"41":0,"42":0,"43":0,"44":0,"45":0,"46":0,"47":0,"48":0,"49":0,"50":0,"51":0,"52":0,"53":0},"f":{"0":0,"1":0,"2":0,"3":0,"4":0,"5":0,"6":0,"7":0,"8":0,"9":0,"10":0,"11":0,"12":0,"13":0},"b":{"0":[0,0],"1":[0,0],"2":[0,0],"3":[0,0],"4":[0,0],"5":[0,0]}}
,"/home/quangman/EBAY/ebay-manager-enhance-order-page/frontend/src/styles/index.ts": {"path":"/home/quangman/EBAY/ebay-manager-enhance-order-page/frontend/src/styles/index.ts","statementMap":{},"fnMap":{},"branchMap":{},"s":{},"f":{},"b":{}}
,"/home/quangman/EBAY/ebay-manager-enhance-order-page/frontend/src/styles/common/colors.ts": {"path":"/home/quangman/EBAY/ebay-manager-enhance-order-page/frontend/src/styles/common/colors.ts","statementMap":{"0":{"start":{"line":6,"column":22},"end":{"line":59,"column":10}}},"fnMap":{},"branchMap":{},"s":{"0":0},"f":{},"b":{}}
,"/home/quangman/EBAY/ebay-manager-enhance-order-page/frontend/src/styles/common/spacing.ts": {"path":"/home/quangman/EBAY/ebay-manager-enhance-order-page/frontend/src/styles/common/spacing.ts","statementMap":{"0":{"start":{"line":6,"column":23},"end":{"line":41,"column":10}}},"fnMap":{},"branchMap":{},"s":{"0":0},"f":{},"b":{}}
,"/home/quangman/EBAY/ebay-manager-enhance-order-page/frontend/src/styles/config/tableStyles.ts": {"path":"/home/quangman/EBAY/ebay-manager-enhance-order-page/frontend/src/styles/config/tableStyles.ts","statementMap":{"0":{"start":{"line":9,"column":27},"end":{"line":113,"column":10}}},"fnMap":{},"branchMap":{},"s":{"0":0},"f":{},"b":{}}
,"/home/quangman/EBAY/ebay-manager-enhance-order-page/frontend/src/styles/pages/csvUploadStyles.ts": {"path":"/home/quangman/EBAY/ebay-manager-enhance-order-page/frontend/src/styles/pages/csvUploadStyles.ts","statementMap":{"0":{"start":{"line":9,"column":31},"end":{"line":120,"column":10}},"1":{"start":{"line":38,"column":90},"end":{"line":50,"column":3}},"2":{"start":{"line":89,"column":43},"end":{"line":91,"column":3}}},"fnMap":{"0":{"name":"(anonymous_0)","decl":{"start":{"line":38,"column":16},"end":{"line":38,"column":17}},"loc":{"start":{"line":38,"column":90},"end":{"line":50,"column":3}},"line":38},"1":{"name":"(anonymous_1)","decl":{"start":{"line":89,"column":17},"end":{"line":89,"column":18}},"loc":{"start":{"line":89,"column":43},"end":{"line":91,"column":3}},"line":89}},"branchMap":{"0":{"loc":{"start":{"line":43,"column":12},"end":{"line":43,"column":69}},"type":"cond-expr","locations":[{"start":{"line":43,"column":44},"end":{"line":43,"column":53}},{"start":{"line":43,"column":56},"end":{"line":43,"column":69}}],"line":43},"1":{"loc":{"start":{"line":43,"column":12},"end":{"line":43,"column":41}},"type":"binary-expr","locations":[{"start":{"line":43,"column":12},"end":{"line":43,"column":27}},{"start":{"line":43,"column":31},"end":{"line":43,"column":41}}],"line":43},"2":{"loc":{"start":{"line":44,"column":21},"end":{"line":44,"column":70}},"type":"cond-expr","locations":[{"start":{"line":44,"column":36},"end":{"line":44,"column":54}},{"start":{"line":44,"column":57},"end":{"line":44,"column":70}}],"line":44},"3":{"loc":{"start":{"line":45,"column":13},"end":{"line":45,"column":52}},"type":"cond-expr","locations":[{"start":{"line":45,"column":45},"end":{"line":45,"column":46}},{"start":{"line":45,"column":49},"end":{"line":45,"column":52}}],"line":45},"4":{"loc":{"start":{"line":45,"column":13},"end":{"line":45,"column":42}},"type":"binary-expr","locations":[{"start":{"line":45,"column":13},"end":{"line":45,"column":28}},{"start":{"line":45,"column":32},"end":{"line":45,"column":42}}],"line":45},"5":{"loc":{"start":{"line":48,"column":23},"end":{"line":48,"column":88}},"type":"cond-expr","locations":[{"start":{"line":48,"column":55},"end":{"line":48,"column":72}},{"start":{"line":48,"column":75},"end":{"line":48,"column":88}}],"line":48},"6":{"loc":{"start":{"line":48,"column":23},"end":{"line":48,"column":52}},"type":"binary-expr","locations":[{"start":{"line":48,"column":23},"end":{"line":48,"column":38}},{"start":{"line":48,"column":42},"end":{"line":48,"column":52}}],"line":48},"7":{"loc":{"start":{"line":90,"column":8},"end":{"line":90,"column":35}},"type":"cond-expr","locations":[{"start":{"line":90,"column":21},"end":{"line":90,"column":31}},{"start":{"line":90,"column":34},"end":{"line":90,"column":35}}],"line":90}},"s":{"0":0,"1":0,"2":0},"f":{"0":0,"1":0},"b":{"0":[0,0],"1":[0,0],"2":[0,0],"3":[0,0],"4":[0,0],"5":[0,0],"6":[0,0],"7":[0,0]}}
,"/home/quangman/EBAY/ebay-manager-enhance-order-page/frontend/src/styles/pages/dashboardStyles.ts": {"path":"/home/quangman/EBAY/ebay-manager-enhance-order-page/frontend/src/styles/pages/dashboardStyles.ts","statementMap":{"0":{"start":{"line":8,"column":31},"end":{"line":282,"column":10}}},"fnMap":{},"branchMap":{},"s":{"0":0},"f":{},"b":{}}
,"/home/quangman/EBAY/ebay-manager-enhance-order-page/frontend/src/styles/pages/loginStyles.ts": {"path":"/home/quangman/EBAY/ebay-manager-enhance-order-page/frontend/src/styles/pages/loginStyles.ts","statementMap":{"0":{"start":{"line":9,"column":27},"end":{"line":44,"column":10}}},"fnMap":{},"branchMap":{},"s":{"0":0},"f":{},"b":{}}
,"/home/quangman/EBAY/ebay-manager-enhance-order-page/frontend/src/styles/pages/orderStyles.ts": {"path":"/home/quangman/EBAY/ebay-manager-enhance-order-page/frontend/src/styles/pages/orderStyles.ts","statementMap":{"0":{"start":{"line":9,"column":27},"end":{"line":70,"column":10}}},"fnMap":{},"branchMap":{},"s":{"0":0},"f":{},"b":{}}
,"/home/quangman/EBAY/ebay-manager-enhance-order-page/frontend/src/types/index.ts": {"path":"/home/quangman/EBAY/ebay-manager-enhance-order-page/frontend/src/types/index.ts","statementMap":{},"fnMap":{},"branchMap":{},"s":{},"f":{},"b":{}}
}
