TN:
SF:src/App.tsx
FN:27,(anonymous_0)
FN:46,(anonymous_1)
FN:71,(anonymous_2)
FNF:3
FNH:0
FNDA:0,(anonymous_0)
FNDA:0,(anonymous_1)
FNDA:0,(anonymous_2)
DA:15,0
DA:27,0
DA:28,0
DA:30,0
DA:31,0
DA:43,0
DA:46,0
DA:47,0
DA:49,0
DA:50,0
DA:58,0
DA:71,0
DA:72,0
LF:13
LH:0
BRDA:30,0,0,0
BRDA:30,0,1,0
BRDA:43,1,0,0
BRDA:43,1,1,0
BRDA:49,2,0,0
BRDA:49,2,1,0
BRF:6
BRH:0
end_of_record
TN:
SF:src/index.tsx
FNF:0
FNH:0
DA:7,0
DA:11,0
LF:2
LH:0
BRF:0
BRH:0
end_of_record
TN:
SF:src/components/Layout/Header.tsx
FN:13,(anonymous_0)
FNF:1
FNH:0
FNDA:0,(anonymous_0)
DA:13,0
DA:14,0
DA:16,0
LF:3
LH:0
BRDA:23,0,0,0
BRDA:23,0,1,0
BRDA:33,1,0,0
BRDA:33,1,1,0
BRF:4
BRH:0
end_of_record
TN:
SF:src/components/Layout/HeaderWithSearch.tsx
FN:48,(anonymous_0)
FN:58,(anonymous_1)
FN:62,(anonymous_2)
FN:66,(anonymous_3)
FN:72,(anonymous_4)
FN:92,(anonymous_5)
FN:97,(anonymous_6)
FN:101,(anonymous_7)
FN:104,(anonymous_8)
FN:121,(anonymous_9)
FN:134,(anonymous_10)
FN:233,(anonymous_11)
FN:269,(anonymous_12)
FN:274,(anonymous_13)
FNF:14
FNH:0
FNDA:0,(anonymous_0)
FNDA:0,(anonymous_1)
FNDA:0,(anonymous_2)
FNDA:0,(anonymous_3)
FNDA:0,(anonymous_4)
FNDA:0,(anonymous_5)
FNDA:0,(anonymous_6)
FNDA:0,(anonymous_7)
FNDA:0,(anonymous_8)
FNDA:0,(anonymous_9)
FNDA:0,(anonymous_10)
FNDA:0,(anonymous_11)
FNDA:0,(anonymous_12)
FNDA:0,(anonymous_13)
DA:48,0
DA:49,0
DA:50,0
DA:51,0
DA:52,0
DA:53,0
DA:54,0
DA:55,0
DA:56,0
DA:58,0
DA:59,0
DA:62,0
DA:63,0
DA:66,0
DA:67,0
DA:68,0
DA:69,0
DA:72,0
DA:73,0
DA:74,0
DA:75,0
DA:76,0
DA:79,0
DA:80,0
DA:81,0
DA:82,0
DA:83,0
DA:85,0
DA:86,0
DA:88,0
DA:92,0
DA:93,0
DA:94,0
DA:97,0
DA:98,0
DA:101,0
DA:104,0
DA:105,0
DA:106,0
DA:108,0
DA:110,0
DA:111,0
DA:113,0
DA:114,0
DA:116,0
DA:117,0
DA:121,0
DA:122,0
DA:124,0
DA:126,0
DA:128,0
DA:130,0
DA:134,0
DA:135,0
DA:136,0
DA:140,0
DA:143,0
DA:145,0
DA:149,0
DA:151,0
DA:155,0
DA:234,0
DA:235,0
DA:236,0
DA:270,0
DA:274,0
LF:66
LH:0
BRDA:73,0,0,0
BRDA:73,0,1,0
BRDA:108,1,0,0
BRDA:108,1,1,0
BRDA:108,1,2,0
BRDA:122,2,0,0
BRDA:122,2,1,0
BRDA:122,2,2,0
BRDA:122,2,3,0
BRDA:135,3,0,0
BRDA:135,3,1,0
BRDA:136,4,0,0
BRDA:136,4,1,0
BRDA:136,4,2,0
BRDA:136,4,3,0
BRDA:136,4,4,0
BRDA:136,4,5,0
BRDA:136,4,6,0
BRDA:136,4,7,0
BRDA:136,4,8,0
BRDA:136,4,9,0
BRDA:213,5,0,0
BRDA:213,5,1,0
BRDA:224,6,0,0
BRDA:224,6,1,0
BRDA:245,7,0,0
BRDA:245,7,1,0
BRDA:261,8,0,0
BRDA:261,8,1,0
BRDA:267,9,0,0
BRDA:267,9,1,0
BRDA:271,10,0,0
BRDA:271,10,1,0
BRDA:295,11,0,0
BRDA:295,11,1,0
BRF:35
BRH:0
end_of_record
TN:
SF:src/components/Layout/Layout.tsx
FN:12,(anonymous_0)
FN:17,(anonymous_1)
FNF:2
FNH:0
FNDA:0,(anonymous_0)
FNDA:0,(anonymous_1)
DA:10,0
DA:12,0
DA:13,0
DA:14,0
DA:15,0
DA:17,0
DA:18,0
DA:21,0
LF:8
LH:0
BRDA:48,0,0,0
BRDA:48,0,1,0
BRF:2
BRH:0
end_of_record
TN:
SF:src/components/Layout/ModernSidebar.tsx
FN:29,(anonymous_0)
FN:45,(anonymous_1)
FN:59,(anonymous_2)
FN:62,(anonymous_3)
FNF:4
FNH:0
FNDA:0,(anonymous_0)
FNDA:0,(anonymous_1)
FNDA:0,(anonymous_2)
FNDA:0,(anonymous_3)
DA:29,0
DA:34,0
DA:35,0
DA:37,0
DA:45,0
DA:48,0
DA:60,0
DA:62,0
DA:141,0
LF:9
LH:0
BRDA:69,0,0,0
BRDA:69,0,1,0
BRDA:70,1,0,0
BRDA:70,1,1,0
BRDA:72,2,0,0
BRDA:72,2,1,0
BRF:6
BRH:0
end_of_record
TN:
SF:src/components/Layout/ResponsiveGrid.tsx
FN:15,(anonymous_0)
FNF:1
FNH:0
FNDA:0,(anonymous_0)
DA:15,0
DA:20,0
DA:24,0
DA:25,0
DA:42,0
LF:5
LH:0
BRDA:17,0,0,0
BRDA:20,1,0,0
BRDA:20,1,1,0
BRDA:24,2,0,0
BRDA:24,2,1,0
BRDA:24,3,0,0
BRDA:24,3,1,0
BRF:7
BRH:0
end_of_record
TN:
SF:src/components/orders/OrderDetailModal.tsx
FN:40,(anonymous_0)
FN:44,(anonymous_1)
FN:55,(anonymous_2)
FN:67,(anonymous_3)
FN:153,(anonymous_4)
FN:170,(anonymous_5)
FNF:6
FNH:6
FNDA:6,(anonymous_0)
FNDA:6,(anonymous_1)
FNDA:30,(anonymous_2)
FNDA:156,(anonymous_3)
FNDA:6,(anonymous_4)
FNDA:8,(anonymous_5)
DA:40,1
DA:41,6
DA:42,6
DA:44,6
DA:45,6
DA:46,0
DA:47,6
DA:48,0
DA:49,0
DA:50,0
DA:55,6
DA:56,30
DA:67,6
DA:68,156
DA:82,6
DA:153,1
DA:154,6
DA:170,1
DA:171,8
LF:19
LH:15
BRDA:42,0,0,6
BRDA:42,0,1,0
BRDA:45,1,0,0
BRDA:45,1,1,6
BRDA:45,1,2,0
BRDA:45,1,3,0
BRDA:45,1,4,0
BRDA:76,2,0,156
BRDA:76,2,1,66
BRDA:161,3,0,6
BRDA:161,3,1,5
BRDA:192,4,0,8
BRDA:192,4,1,7
BRDA:194,5,0,7
BRDA:194,5,1,0
BRDA:203,6,0,8
BRDA:203,6,1,7
BRF:17
BRH:11
end_of_record
TN:
SF:src/components/orders/OrderHistoryTimeline.tsx
FN:42,(anonymous_0)
FN:72,(anonymous_1)
FN:84,(anonymous_2)
FN:87,(anonymous_3)
FN:114,(anonymous_4)
FN:136,(anonymous_5)
FN:139,(anonymous_6)
FN:215,(anonymous_7)
FNF:8
FNH:8
FNDA:6,(anonymous_0)
FNDA:6,(anonymous_1)
FNDA:18,(anonymous_2)
FNDA:6,(anonymous_3)
FNDA:24,(anonymous_4)
FNDA:6,(anonymous_5)
FNDA:24,(anonymous_6)
FNDA:24,(anonymous_7)
DA:43,6
DA:45,6
DA:54,6
DA:55,6
DA:56,6
DA:57,6
DA:60,6
DA:61,6
DA:71,6
DA:72,6
DA:81,6
DA:84,18
DA:88,6
DA:89,6
DA:91,6
DA:98,6
DA:99,6
DA:100,6
DA:111,6
DA:115,24
DA:116,24
DA:117,24
DA:118,24
DA:119,24
DA:120,24
DA:122,24
DA:123,0
DA:124,24
DA:125,24
DA:126,0
DA:127,0
DA:129,0
DA:134,1
DA:136,1
DA:137,6
DA:139,6
DA:140,24
DA:142,24
DA:198,6
DA:216,24
LF:40
LH:36
BRDA:55,0,0,6
BRDA:55,0,1,0
BRDA:55,1,0,6
BRDA:55,1,1,6
BRDA:60,2,0,6
BRDA:60,2,1,0
BRDA:64,3,0,6
BRDA:64,3,1,0
BRDA:71,4,0,6
BRDA:71,4,1,0
BRDA:71,5,0,6
BRDA:71,5,1,6
BRDA:98,6,0,6
BRDA:98,6,1,0
BRDA:98,7,0,6
BRDA:98,7,1,6
BRDA:103,8,0,6
BRDA:103,8,1,0
BRDA:107,9,0,6
BRDA:107,9,1,0
BRDA:122,10,0,0
BRDA:122,10,1,24
BRDA:123,11,0,0
BRDA:123,11,1,0
BRDA:124,12,0,24
BRDA:124,12,1,0
BRDA:125,13,0,24
BRDA:125,13,1,0
BRDA:126,14,0,0
BRDA:126,14,1,0
BRDA:127,15,0,0
BRDA:127,15,1,0
BRDA:156,16,0,24
BRDA:156,16,1,18
BRDA:178,17,0,24
BRDA:178,17,1,12
BRDA:204,18,0,6
BRDA:204,18,1,0
BRF:38
BRH:21
end_of_record
TN:
SF:src/components/orders/OrderNotesManager.tsx
FN:31,(anonymous_0)
FN:45,(anonymous_1)
FN:58,(anonymous_2)
FN:64,(anonymous_3)
FN:88,(anonymous_4)
FN:126,(anonymous_5)
FN:155,(anonymous_6)
FN:179,(anonymous_7)
FN:181,(anonymous_8)
FNF:9
FNH:7
FNDA:3,(anonymous_0)
FNDA:21,(anonymous_1)
FNDA:22,(anonymous_2)
FNDA:3,(anonymous_3)
FNDA:21,(anonymous_4)
FNDA:21,(anonymous_5)
FNDA:4,(anonymous_6)
FNDA:0,(anonymous_7)
FNDA:0,(anonymous_8)
DA:32,3
DA:34,3
DA:35,0
DA:36,3
DA:37,1
DA:38,2
DA:39,0
DA:42,3
DA:46,21
DA:47,21
DA:56,2
DA:58,2
DA:59,22
DA:60,22
DA:61,22
DA:62,22
DA:64,22
DA:65,3
DA:66,3
DA:68,3
DA:69,1
DA:70,1
DA:73,2
DA:74,2
DA:75,2
DA:76,1
DA:77,1
DA:78,1
DA:79,1
DA:81,1
DA:82,1
DA:84,2
DA:88,22
DA:89,21
DA:118,22
DA:127,21
DA:155,4
DA:179,0
DA:181,0
LF:39
LH:35
BRDA:34,0,0,0
BRDA:34,0,1,3
BRDA:36,1,0,1
BRDA:36,1,1,2
BRDA:38,2,0,0
BRDA:38,2,1,2
BRDA:62,3,0,22
BRDA:62,3,1,0
BRDA:68,4,0,1
BRDA:68,4,1,2
BRDA:124,5,0,21
BRDA:124,5,1,1
BRDA:160,6,0,22
BRDA:160,6,1,20
BRDA:167,7,0,2
BRDA:167,7,1,20
BRDA:169,8,0,22
BRDA:169,8,1,20
BRF:18
BRH:15
end_of_record
TN:
SF:src/components/orders/OrderStatusEditor.tsx
FN:40,(anonymous_0)
FN:44,(anonymous_1)
FN:51,(anonymous_2)
FN:58,(anonymous_3)
FN:69,(anonymous_4)
FN:74,(anonymous_5)
FN:80,(anonymous_6)
FN:109,(anonymous_7)
FN:118,(anonymous_8)
FN:121,(anonymous_9)
FN:150,(anonymous_10)
FN:152,(anonymous_11)
FNF:12
FNH:7
FNDA:0,(anonymous_0)
FNDA:8,(anonymous_1)
FNDA:15,(anonymous_2)
FNDA:7,(anonymous_3)
FNDA:6,(anonymous_4)
FNDA:0,(anonymous_5)
FNDA:0,(anonymous_6)
FNDA:32,(anonymous_7)
FNDA:2,(anonymous_8)
FNDA:15,(anonymous_9)
FNDA:0,(anonymous_10)
FNDA:0,(anonymous_11)
DA:32,1
DA:41,0
DA:45,8
DA:49,1
DA:51,1
DA:52,15
DA:53,15
DA:54,15
DA:55,15
DA:56,15
DA:58,15
DA:59,7
DA:60,6
DA:61,0
DA:62,0
DA:63,1
DA:64,0
DA:65,0
DA:69,15
DA:70,6
DA:71,6
DA:74,15
DA:75,0
DA:76,0
DA:77,0
DA:80,15
DA:81,0
DA:82,0
DA:83,0
DA:86,0
DA:87,0
DA:88,0
DA:91,0
DA:92,0
DA:93,0
DA:94,0
DA:95,0
DA:96,0
DA:98,0
DA:99,0
DA:100,0
DA:102,0
DA:106,15
DA:107,8
DA:108,8
DA:109,8
DA:110,32
DA:113,8
DA:118,2
DA:122,15
DA:150,0
DA:152,0
DA:160,7
LF:53
LH:27
BRDA:41,0,0,0
BRDA:41,0,1,0
BRDA:45,1,0,8
BRDA:45,1,1,0
BRDA:52,2,0,15
BRDA:52,2,1,0
BRDA:59,3,0,6
BRDA:59,3,1,0
BRDA:59,3,2,0
BRDA:59,3,3,1
BRDA:59,3,4,0
BRDA:59,3,5,0
BRDA:81,4,0,0
BRDA:81,4,1,0
BRDA:86,5,0,0
BRDA:86,5,1,0
BRDA:106,6,0,8
BRDA:106,6,1,7
BRDA:110,7,0,32
BRDA:110,7,1,24
BRDA:135,8,0,0
BRDA:135,8,1,8
BRF:22
BRH:9
end_of_record
TN:
SF:src/components/orders/TrackingNumberInput.tsx
FN:41,(anonymous_0)
FN:43,(anonymous_1)
FN:46,(anonymous_2)
FN:63,(anonymous_3)
FN:70,(anonymous_4)
FN:75,(anonymous_5)
FN:81,(anonymous_6)
FN:115,(anonymous_7)
FN:145,(anonymous_8)
FN:147,(anonymous_9)
FNF:10
FNH:3
FNDA:0,(anonymous_0)
FNDA:0,(anonymous_1)
FNDA:0,(anonymous_2)
FNDA:21,(anonymous_3)
FNDA:7,(anonymous_4)
FNDA:0,(anonymous_5)
FNDA:0,(anonymous_6)
FNDA:5,(anonymous_7)
FNDA:0,(anonymous_8)
FNDA:0,(anonymous_9)
DA:29,1
DA:42,0
DA:43,0
DA:47,0
DA:49,0
DA:50,0
DA:51,0
DA:52,0
DA:53,0
DA:54,0
DA:57,0
DA:61,1
DA:63,1
DA:64,21
DA:65,21
DA:66,21
DA:67,21
DA:68,21
DA:70,21
DA:71,7
DA:72,7
DA:75,21
DA:76,0
DA:77,0
DA:78,0
DA:81,21
DA:82,0
DA:84,0
DA:85,0
DA:86,0
DA:89,0
DA:90,0
DA:91,0
DA:92,0
DA:95,0
DA:96,0
DA:97,0
DA:98,0
DA:99,0
DA:100,0
DA:102,0
DA:103,0
DA:104,0
DA:106,0
DA:110,21
DA:111,12
DA:115,5
DA:145,0
DA:147,0
DA:155,9
LF:50
LH:17
BRDA:42,0,0,0
BRDA:42,0,1,0
BRDA:42,1,0,0
BRDA:42,1,1,0
BRDA:49,2,0,0
BRDA:49,2,1,0
BRDA:51,3,0,0
BRDA:51,3,1,0
BRDA:53,4,0,0
BRDA:53,4,1,0
BRDA:64,5,0,21
BRDA:64,5,1,1
BRDA:84,6,0,0
BRDA:84,6,1,0
BRDA:89,7,0,0
BRDA:89,7,1,0
BRDA:89,8,0,0
BRDA:89,8,1,0
BRDA:110,9,0,12
BRDA:110,9,1,9
BRDA:130,10,0,0
BRDA:130,10,1,12
BRDA:157,11,0,8
BRDA:157,11,1,1
BRF:24
BRH:7
end_of_record
TN:
SF:src/config/OrderTableColumns.tsx
FN:9,(anonymous_0)
FN:19,(anonymous_1)
FN:29,(anonymous_2)
FN:40,(anonymous_3)
FN:48,(anonymous_4)
FN:49,(anonymous_5)
FN:59,(anonymous_6)
FN:60,(anonymous_7)
FN:70,(anonymous_8)
FN:130,(anonymous_9)
FN:131,(anonymous_10)
FN:141,(anonymous_11)
FN:150,(anonymous_12)
FN:160,(anonymous_13)
FN:166,(anonymous_14)
FN:176,(anonymous_15)
FN:182,(anonymous_16)
FN:210,(anonymous_17)
FN:211,(anonymous_18)
FN:221,(anonymous_19)
FN:246,(anonymous_20)
FNF:21
FNH:0
FNDA:0,(anonymous_0)
FNDA:0,(anonymous_1)
FNDA:0,(anonymous_2)
FNDA:0,(anonymous_3)
FNDA:0,(anonymous_4)
FNDA:0,(anonymous_5)
FNDA:0,(anonymous_6)
FNDA:0,(anonymous_7)
FNDA:0,(anonymous_8)
FNDA:0,(anonymous_9)
FNDA:0,(anonymous_10)
FNDA:0,(anonymous_11)
FNDA:0,(anonymous_12)
FNDA:0,(anonymous_13)
FNDA:0,(anonymous_14)
FNDA:0,(anonymous_15)
FNDA:0,(anonymous_16)
FNDA:0,(anonymous_17)
FNDA:0,(anonymous_18)
FNDA:0,(anonymous_19)
FNDA:0,(anonymous_20)
DA:9,0
DA:10,0
DA:11,0
DA:12,0
DA:13,0
DA:14,0
DA:15,0
DA:19,0
DA:20,0
DA:21,0
DA:22,0
DA:23,0
DA:24,0
DA:25,0
DA:26,0
DA:29,0
DA:30,0
DA:32,0
DA:33,0
DA:34,0
DA:35,0
DA:37,0
DA:40,0
DA:43,0
DA:48,0
DA:50,0
DA:59,0
DA:61,0
DA:71,0
DA:72,0
DA:73,0
DA:74,0
DA:75,0
DA:76,0
DA:77,0
DA:78,0
DA:80,0
DA:130,0
DA:132,0
DA:142,0
DA:143,0
DA:145,0
DA:146,0
DA:148,0
DA:151,0
DA:161,0
DA:162,0
DA:163,0
DA:164,0
DA:167,0
DA:177,0
DA:178,0
DA:179,0
DA:180,0
DA:183,0
DA:184,0
DA:186,0
DA:187,0
DA:189,0
DA:210,0
DA:212,0
DA:222,0
DA:223,0
DA:231,0
DA:232,0
DA:247,0
DA:248,0
DA:256,0
DA:257,0
DA:266,0
LF:70
LH:0
BRDA:10,0,0,0
BRDA:10,0,1,0
BRDA:10,0,2,0
BRDA:10,0,3,0
BRDA:10,0,4,0
BRDA:20,1,0,0
BRDA:20,1,1,0
BRDA:32,2,0,0
BRDA:32,2,1,0
BRDA:34,3,0,0
BRDA:34,3,1,0
BRDA:48,4,0,0
BRDA:48,4,1,0
BRDA:59,5,0,0
BRDA:59,5,1,0
BRDA:72,6,0,0
BRDA:72,6,1,0
BRDA:73,7,0,0
BRDA:73,7,1,0
BRDA:74,8,0,0
BRDA:74,8,1,0
BRDA:75,9,0,0
BRDA:75,9,1,0
BRDA:76,10,0,0
BRDA:76,10,1,0
BRDA:77,11,0,0
BRDA:77,11,1,0
BRDA:78,12,0,0
BRDA:78,12,1,0
BRDA:82,13,0,0
BRDA:82,13,1,0
BRDA:90,14,0,0
BRDA:90,14,1,0
BRDA:98,15,0,0
BRDA:98,15,1,0
BRDA:106,16,0,0
BRDA:106,16,1,0
BRDA:106,16,2,0
BRDA:106,16,3,0
BRDA:114,17,0,0
BRDA:114,17,1,0
BRDA:130,18,0,0
BRDA:130,18,1,0
BRDA:142,19,0,0
BRDA:142,19,1,0
BRDA:143,20,0,0
BRDA:143,20,1,0
BRDA:145,21,0,0
BRDA:145,21,1,0
BRDA:145,22,0,0
BRDA:145,22,1,0
BRDA:148,23,0,0
BRDA:148,23,1,0
BRDA:162,24,0,0
BRDA:162,24,1,0
BRDA:178,25,0,0
BRDA:178,25,1,0
BRDA:184,26,0,0
BRDA:184,26,1,0
BRDA:191,27,0,0
BRDA:191,27,1,0
BRDA:196,28,0,0
BRDA:196,28,1,0
BRDA:210,29,0,0
BRDA:210,29,1,0
BRDA:210,29,2,0
BRDA:222,30,0,0
BRDA:222,30,1,0
BRDA:231,31,0,0
BRDA:231,31,1,0
BRDA:247,32,0,0
BRDA:247,32,1,0
BRDA:259,33,0,0
BRDA:259,33,1,0
BRF:74
BRH:0
end_of_record
TN:
SF:src/context/AuthContext.tsx
FN:14,(anonymous_0)
FN:18,(anonymous_1)
FN:19,(anonymous_2)
FN:35,(anonymous_3)
FN:43,(anonymous_4)
FN:58,(anonymous_5)
FNF:6
FNH:0
FNDA:0,(anonymous_0)
FNDA:0,(anonymous_1)
FNDA:0,(anonymous_2)
FNDA:0,(anonymous_3)
FNDA:0,(anonymous_4)
FNDA:0,(anonymous_5)
DA:12,0
DA:14,0
DA:15,0
DA:16,0
DA:18,0
DA:19,0
DA:20,0
DA:21,0
DA:22,0
DA:23,0
DA:24,0
DA:26,0
DA:29,0
DA:32,0
DA:35,0
DA:36,0
DA:37,0
DA:39,0
DA:40,0
DA:43,0
DA:44,0
DA:45,0
DA:48,0
DA:55,0
DA:58,0
DA:59,0
DA:60,0
DA:61,0
DA:63,0
LF:29
LH:0
BRDA:21,0,0,0
BRDA:21,0,1,0
BRDA:60,1,0,0
BRDA:60,1,1,0
BRF:4
BRH:0
end_of_record
TN:
SF:src/hooks/useResponsive.ts
FN:20,(anonymous_0)
FN:34,(anonymous_1)
FN:43,(anonymous_2)
FN:44,(anonymous_3)
FN:50,(anonymous_4)
FN:57,(anonymous_5)
FNF:6
FNH:0
FNDA:0,(anonymous_0)
FNDA:0,(anonymous_1)
FNDA:0,(anonymous_2)
FNDA:0,(anonymous_3)
FNDA:0,(anonymous_4)
FNDA:0,(anonymous_5)
DA:20,0
DA:21,0
DA:22,0
DA:27,0
DA:28,0
DA:29,0
DA:30,0
DA:31,0
DA:34,0
DA:35,0
DA:36,0
DA:37,0
DA:38,0
DA:39,0
DA:40,0
DA:43,0
DA:44,0
DA:45,0
DA:50,0
DA:51,0
DA:52,0
DA:55,0
DA:56,0
DA:57,0
DA:58,0
DA:59,0
DA:64,0
LF:27
LH:0
BRDA:23,0,0,0
BRDA:23,0,1,0
BRDA:27,1,0,0
BRDA:27,1,1,0
BRDA:28,2,0,0
BRDA:28,2,1,0
BRDA:35,3,0,0
BRDA:35,3,1,0
BRDA:36,4,0,0
BRDA:36,4,1,0
BRDA:37,5,0,0
BRDA:37,5,1,0
BRDA:38,6,0,0
BRDA:38,6,1,0
BRDA:39,7,0,0
BRDA:39,7,1,0
BRDA:55,8,0,0
BRDA:55,8,1,0
BRF:18
BRH:0
end_of_record
TN:
SF:src/pages/CSVUpload.tsx
FN:32,(anonymous_0)
FN:39,(anonymous_1)
FN:43,(anonymous_2)
FN:55,(anonymous_3)
FN:102,(anonymous_4)
FN:104,(anonymous_5)
FN:117,(anonymous_6)
FNF:7
FNH:0
FNDA:0,(anonymous_0)
FNDA:0,(anonymous_1)
FNDA:0,(anonymous_2)
FNDA:0,(anonymous_3)
FNDA:0,(anonymous_4)
FNDA:0,(anonymous_5)
FNDA:0,(anonymous_6)
DA:32,0
DA:33,0
DA:34,0
DA:35,0
DA:36,0
DA:37,0
DA:39,0
DA:40,0
DA:43,0
DA:44,0
DA:45,0
DA:46,0
DA:47,0
DA:48,0
DA:51,0
DA:55,0
DA:56,0
DA:58,0
DA:59,0
DA:60,0
DA:62,0
DA:63,0
DA:64,0
DA:70,0
DA:75,0
DA:79,0
DA:89,0
DA:102,0
DA:105,0
DA:117,0
LF:30
LH:0
BRDA:47,0,0,0
BRDA:47,0,1,0
BRDA:56,1,0,0
BRDA:56,1,1,0
BRDA:56,2,0,0
BRDA:56,2,1,0
BRDA:72,3,0,0
BRDA:72,3,1,0
BRDA:86,4,0,0
BRDA:86,4,1,0
BRDA:134,5,0,0
BRDA:134,5,1,0
BRDA:145,6,0,0
BRDA:145,6,1,0
BRDA:153,7,0,0
BRDA:153,7,1,0
BRDA:165,8,0,0
BRDA:165,8,1,0
BRDA:167,9,0,0
BRDA:167,9,1,0
BRDA:168,10,0,0
BRDA:168,10,1,0
BRDA:175,11,0,0
BRDA:175,11,1,0
BRDA:182,12,0,0
BRDA:182,12,1,0
BRF:26
BRH:0
end_of_record
TN:
SF:src/pages/Dashboard.tsx
FN:30,(anonymous_0)
FN:47,(anonymous_1)
FN:55,(anonymous_2)
FN:59,(anonymous_3)
FN:63,(anonymous_4)
FN:69,(anonymous_5)
FN:83,(anonymous_6)
FN:93,(anonymous_7)
FN:94,(anonymous_8)
FN:95,(anonymous_9)
FN:96,(anonymous_10)
FN:100,(anonymous_11)
FN:106,(anonymous_12)
FN:113,(anonymous_13)
FN:168,(anonymous_14)
FN:176,(anonymous_15)
FNF:16
FNH:0
FNDA:0,(anonymous_0)
FNDA:0,(anonymous_1)
FNDA:0,(anonymous_2)
FNDA:0,(anonymous_3)
FNDA:0,(anonymous_4)
FNDA:0,(anonymous_5)
FNDA:0,(anonymous_6)
FNDA:0,(anonymous_7)
FNDA:0,(anonymous_8)
FNDA:0,(anonymous_9)
FNDA:0,(anonymous_10)
FNDA:0,(anonymous_11)
FNDA:0,(anonymous_12)
FNDA:0,(anonymous_13)
FNDA:0,(anonymous_14)
FNDA:0,(anonymous_15)
DA:30,0
DA:31,0
DA:32,0
DA:33,0
DA:34,0
DA:35,0
DA:44,0
DA:47,0
DA:48,0
DA:49,0
DA:50,0
DA:51,0
DA:55,0
DA:56,0
DA:59,0
DA:60,0
DA:63,0
DA:64,0
DA:65,0
DA:69,0
DA:70,0
DA:71,0
DA:72,0
DA:73,0
DA:74,0
DA:77,0
DA:79,0
DA:83,0
DA:84,0
DA:86,0
DA:87,0
DA:93,0
DA:94,0
DA:95,0
DA:96,0
DA:99,0
DA:101,0
DA:102,0
DA:103,0
DA:104,0
DA:107,0
DA:108,0
DA:109,0
DA:113,0
DA:114,0
DA:115,0
DA:118,0
DA:128,0
DA:132,0
DA:133,0
DA:140,0
DA:168,0
DA:177,0
LF:53
LH:0
BRDA:48,0,0,0
BRDA:48,0,1,0
BRDA:49,1,0,0
BRDA:49,1,1,0
BRDA:50,2,0,0
BRDA:50,2,1,0
BRDA:56,3,0,0
BRDA:56,3,1,0
BRDA:64,4,0,0
BRDA:64,4,1,0
BRDA:73,5,0,0
BRDA:73,5,1,0
BRDA:84,6,0,0
BRDA:84,6,1,0
BRDA:93,7,0,0
BRDA:93,7,1,0
BRDA:101,8,0,0
BRDA:101,8,1,0
BRDA:107,9,0,0
BRDA:107,9,1,0
BRDA:107,9,2,0
BRDA:109,10,0,0
BRDA:109,10,1,0
BRDA:115,11,0,0
BRDA:115,11,1,0
BRDA:132,12,0,0
BRDA:132,12,1,0
BRDA:143,13,0,0
BRDA:143,13,1,0
BRDA:161,14,0,0
BRDA:161,14,1,0
BRDA:171,15,0,0
BRDA:171,15,1,0
BRDA:172,16,0,0
BRDA:172,16,1,0
BRDA:186,17,0,0
BRDA:186,17,1,0
BRDA:215,18,0,0
BRDA:215,18,1,0
BRDA:216,19,0,0
BRDA:216,19,1,0
BRDA:309,20,0,0
BRDA:309,20,1,0
BRDA:309,21,0,0
BRDA:309,21,1,0
BRDA:309,22,0,0
BRDA:309,22,1,0
BRDA:319,23,0,0
BRDA:319,23,1,0
BRF:49
BRH:0
end_of_record
TN:
SF:src/pages/Listings.tsx
FN:16,(anonymous_0)
FN:24,(anonymous_1)
FN:28,(anonymous_2)
FN:34,(anonymous_3)
FN:39,(anonymous_4)
FN:48,(anonymous_5)
FN:60,(anonymous_6)
FN:74,(anonymous_7)
FN:86,(anonymous_8)
FN:96,(anonymous_9)
FN:102,(anonymous_10)
FN:108,(anonymous_11)
FN:117,(anonymous_12)
FN:118,(anonymous_13)
FN:140,(anonymous_14)
FN:146,(anonymous_15)
FN:152,(anonymous_16)
FN:162,(anonymous_17)
FN:182,(anonymous_18)
FN:191,(anonymous_19)
FN:193,(anonymous_20)
FNF:21
FNH:0
FNDA:0,(anonymous_0)
FNDA:0,(anonymous_1)
FNDA:0,(anonymous_2)
FNDA:0,(anonymous_3)
FNDA:0,(anonymous_4)
FNDA:0,(anonymous_5)
FNDA:0,(anonymous_6)
FNDA:0,(anonymous_7)
FNDA:0,(anonymous_8)
FNDA:0,(anonymous_9)
FNDA:0,(anonymous_10)
FNDA:0,(anonymous_11)
FNDA:0,(anonymous_12)
FNDA:0,(anonymous_13)
FNDA:0,(anonymous_14)
FNDA:0,(anonymous_15)
FNDA:0,(anonymous_16)
FNDA:0,(anonymous_17)
FNDA:0,(anonymous_18)
FNDA:0,(anonymous_19)
FNDA:0,(anonymous_20)
DA:16,0
DA:17,0
DA:18,0
DA:19,0
DA:20,0
DA:21,0
DA:22,0
DA:24,0
DA:25,0
DA:28,0
DA:29,0
DA:30,0
DA:34,0
DA:36,0
DA:37,0
DA:39,0
DA:40,0
DA:44,0
DA:48,0
DA:49,0
DA:50,0
DA:51,0
DA:52,0
DA:53,0
DA:56,0
DA:60,0
DA:61,0
DA:63,0
DA:64,0
DA:65,0
DA:66,0
DA:68,0
DA:70,0
DA:74,0
DA:75,0
DA:76,0
DA:77,0
DA:78,0
DA:81,0
DA:87,0
DA:96,0
DA:102,0
DA:109,0
DA:110,0
DA:117,0
DA:119,0
DA:120,0
DA:122,0
DA:140,0
DA:146,0
DA:153,0
DA:154,0
DA:155,0
DA:163,0
DA:164,0
DA:169,0
DA:182,0
DA:191,0
DA:194,0
LF:59
LH:0
BRDA:29,0,0,0
BRDA:29,0,1,0
BRDA:36,1,0,0
BRDA:36,1,1,0
BRDA:40,2,0,0
BRDA:40,2,1,0
BRDA:40,2,2,0
BRDA:52,3,0,0
BRDA:52,3,1,0
BRDA:61,4,0,0
BRDA:61,4,1,0
BRDA:75,5,0,0
BRDA:75,5,1,0
BRDA:76,6,0,0
BRDA:76,6,1,0
BRDA:77,7,0,0
BRDA:77,7,1,0
BRDA:96,8,0,0
BRDA:96,8,1,0
BRDA:102,9,0,0
BRDA:102,9,1,0
BRDA:109,10,0,0
BRDA:109,10,1,0
BRDA:110,11,0,0
BRDA:110,11,1,0
BRDA:117,12,0,0
BRDA:117,12,1,0
BRDA:119,13,0,0
BRDA:119,13,1,0
BRDA:140,14,0,0
BRDA:140,14,1,0
BRDA:146,15,0,0
BRDA:146,15,1,0
BRDA:154,16,0,0
BRDA:154,16,1,0
BRDA:155,17,0,0
BRDA:155,17,1,0
BRDA:164,18,0,0
BRDA:164,18,1,0
BRF:39
BRH:0
end_of_record
TN:
SF:src/pages/Login.tsx
FN:16,(anonymous_0)
FN:30,(anonymous_1)
FN:69,(anonymous_2)
FN:80,(anonymous_3)
FNF:4
FNH:0
FNDA:0,(anonymous_0)
FNDA:0,(anonymous_1)
FNDA:0,(anonymous_2)
FNDA:0,(anonymous_3)
DA:16,0
DA:17,0
DA:18,0
DA:19,0
DA:20,0
DA:22,0
DA:23,0
DA:26,0
DA:27,0
DA:30,0
DA:31,0
DA:32,0
DA:33,0
DA:35,0
DA:36,0
DA:37,0
DA:39,0
DA:41,0
DA:45,0
DA:69,0
DA:80,0
LF:21
LH:0
BRDA:26,0,0,0
BRDA:26,0,1,0
BRDA:39,1,0,0
BRDA:39,1,1,0
BRDA:58,2,0,0
BRDA:58,2,1,0
BRDA:93,3,0,0
BRDA:93,3,1,0
BRF:8
BRH:0
end_of_record
TN:
SF:src/pages/Orders.tsx
FN:19,(anonymous_0)
FN:28,(anonymous_1)
FN:32,(anonymous_2)
FN:38,(anonymous_3)
FN:50,(anonymous_4)
FN:67,(anonymous_5)
FN:72,(anonymous_6)
FN:77,(anonymous_7)
FN:78,(anonymous_8)
FN:79,(anonymous_9)
FN:97,(anonymous_10)
FN:98,(anonymous_11)
FN:99,(anonymous_12)
FN:113,(anonymous_13)
FN:114,(anonymous_14)
FN:115,(anonymous_15)
FN:140,(anonymous_16)
FN:142,(anonymous_17)
FN:155,(anonymous_18)
FNF:19
FNH:0
FNDA:0,(anonymous_0)
FNDA:0,(anonymous_1)
FNDA:0,(anonymous_2)
FNDA:0,(anonymous_3)
FNDA:0,(anonymous_4)
FNDA:0,(anonymous_5)
FNDA:0,(anonymous_6)
FNDA:0,(anonymous_7)
FNDA:0,(anonymous_8)
FNDA:0,(anonymous_9)
FNDA:0,(anonymous_10)
FNDA:0,(anonymous_11)
FNDA:0,(anonymous_12)
FNDA:0,(anonymous_13)
FNDA:0,(anonymous_14)
FNDA:0,(anonymous_15)
FNDA:0,(anonymous_16)
FNDA:0,(anonymous_17)
FNDA:0,(anonymous_18)
DA:19,0
DA:20,0
DA:21,0
DA:22,0
DA:23,0
DA:24,0
DA:25,0
DA:26,0
DA:28,0
DA:29,0
DA:32,0
DA:33,0
DA:34,0
DA:38,0
DA:39,0
DA:40,0
DA:41,0
DA:42,0
DA:43,0
DA:46,0
DA:50,0
DA:51,0
DA:53,0
DA:54,0
DA:55,0
DA:59,0
DA:61,0
DA:63,0
DA:67,0
DA:68,0
DA:69,0
DA:72,0
DA:73,0
DA:74,0
DA:77,0
DA:78,0
DA:79,0
DA:80,0
DA:97,0
DA:98,0
DA:99,0
DA:100,0
DA:113,0
DA:114,0
DA:115,0
DA:116,0
DA:122,0
DA:123,0
DA:127,0
DA:140,0
DA:143,0
DA:155,0
LF:52
LH:0
BRDA:33,0,0,0
BRDA:33,0,1,0
BRDA:42,1,0,0
BRDA:42,1,1,0
BRDA:51,2,0,0
BRDA:51,2,1,0
BRDA:57,3,0,0
BRDA:57,3,1,0
BRDA:80,4,0,0
BRDA:80,4,1,0
BRDA:85,5,0,0
BRDA:85,5,1,0
BRDA:100,6,0,0
BRDA:100,6,1,0
BRDA:116,7,0,0
BRDA:116,7,1,0
BRDA:122,8,0,0
BRDA:122,8,1,0
BRDA:122,9,0,0
BRDA:122,9,1,0
BRF:20
BRH:0
end_of_record
TN:
SF:src/services/OrderDataService.ts
FN:12,(anonymous_0)
FN:21,(anonymous_1)
FN:30,(anonymous_2)
FN:39,(anonymous_3)
FNF:4
FNH:0
FNDA:0,(anonymous_0)
FNDA:0,(anonymous_1)
FNDA:0,(anonymous_2)
FNDA:0,(anonymous_3)
DA:13,0
DA:14,0
DA:16,0
DA:17,0
DA:22,0
DA:23,0
DA:25,0
DA:26,0
DA:31,0
DA:32,0
DA:34,0
DA:35,0
DA:40,0
DA:41,0
DA:43,0
DA:44,0
LF:16
LH:0
BRF:0
BRH:0
end_of_record
TN:
SF:src/services/api.ts
FN:11,(anonymous_0)
FN:21,(anonymous_1)
FN:22,(anonymous_2)
FN:32,(anonymous_3)
FN:41,(anonymous_4)
FN:48,(anonymous_5)
FN:53,(anonymous_6)
FN:60,(anonymous_7)
FN:69,(anonymous_8)
FN:73,(anonymous_9)
FN:77,(anonymous_10)
FN:84,(anonymous_11)
FN:94,(anonymous_12)
FN:110,(anonymous_13)
FNF:14
FNH:0
FNDA:0,(anonymous_0)
FNDA:0,(anonymous_1)
FNDA:0,(anonymous_2)
FNDA:0,(anonymous_3)
FNDA:0,(anonymous_4)
FNDA:0,(anonymous_5)
FNDA:0,(anonymous_6)
FNDA:0,(anonymous_7)
FNDA:0,(anonymous_8)
FNDA:0,(anonymous_9)
FNDA:0,(anonymous_10)
FNDA:0,(anonymous_11)
FNDA:0,(anonymous_12)
FNDA:0,(anonymous_13)
DA:4,0
DA:6,0
DA:11,0
DA:12,0
DA:13,0
DA:14,0
DA:16,0
DA:20,0
DA:21,0
DA:23,0
DA:24,0
DA:25,0
DA:27,0
DA:31,0
DA:33,0
DA:34,0
DA:35,0
DA:37,0
DA:38,0
DA:42,0
DA:43,0
DA:47,0
DA:49,0
DA:50,0
DA:54,0
DA:55,0
DA:59,0
DA:61,0
DA:62,0
DA:63,0
DA:65,0
DA:66,0
DA:70,0
DA:74,0
DA:78,0
DA:79,0
DA:83,0
DA:85,0
DA:86,0
DA:88,0
DA:89,0
DA:93,0
DA:95,0
DA:96,0
DA:97,0
DA:98,0
DA:100,0
DA:105,0
DA:109,0
DA:111,0
DA:114,0
LF:51
LH:0
BRDA:4,0,0,0
BRDA:4,0,1,0
BRDA:13,1,0,0
BRDA:13,1,1,0
BRDA:23,2,0,0
BRDA:23,2,1,0
BRDA:62,3,0,0
BRDA:62,3,1,0
BRDA:63,4,0,0
BRDA:63,4,1,0
BRDA:86,5,0,0
BRDA:86,5,1,0
BRF:12
BRH:0
end_of_record
TN:
SF:src/styles/index.ts
FNF:0
FNH:0
LF:0
LH:0
BRF:0
BRH:0
end_of_record
TN:
SF:src/styles/common/colors.ts
FNF:0
FNH:0
DA:6,0
LF:1
LH:0
BRF:0
BRH:0
end_of_record
TN:
SF:src/styles/common/spacing.ts
FNF:0
FNH:0
DA:6,0
LF:1
LH:0
BRF:0
BRH:0
end_of_record
TN:
SF:src/styles/config/tableStyles.ts
FNF:0
FNH:0
DA:9,0
LF:1
LH:0
BRF:0
BRH:0
end_of_record
TN:
SF:src/styles/pages/csvUploadStyles.ts
FN:38,(anonymous_0)
FN:89,(anonymous_1)
FNF:2
FNH:0
FNDA:0,(anonymous_0)
FNDA:0,(anonymous_1)
DA:9,0
DA:38,0
DA:89,0
LF:3
LH:0
BRDA:43,0,0,0
BRDA:43,0,1,0
BRDA:43,1,0,0
BRDA:43,1,1,0
BRDA:44,2,0,0
BRDA:44,2,1,0
BRDA:45,3,0,0
BRDA:45,3,1,0
BRDA:45,4,0,0
BRDA:45,4,1,0
BRDA:48,5,0,0
BRDA:48,5,1,0
BRDA:48,6,0,0
BRDA:48,6,1,0
BRDA:90,7,0,0
BRDA:90,7,1,0
BRF:16
BRH:0
end_of_record
TN:
SF:src/styles/pages/dashboardStyles.ts
FNF:0
FNH:0
DA:8,0
LF:1
LH:0
BRF:0
BRH:0
end_of_record
TN:
SF:src/styles/pages/loginStyles.ts
FNF:0
FNH:0
DA:9,0
LF:1
LH:0
BRF:0
BRH:0
end_of_record
TN:
SF:src/styles/pages/orderStyles.ts
FNF:0
FNH:0
DA:9,0
LF:1
LH:0
BRF:0
BRH:0
end_of_record
TN:
SF:src/types/index.ts
FNF:0
FNH:0
LF:0
LH:0
BRF:0
BRH:0
end_of_record
